

Microchip MPLAB XC8 Assembler V2.45 build 20230818022343 
                                                                                               Tue Nov 21 19:12:21 2023

Microchip MPLAB XC8 C Compiler v2.45 (Free license) build 20230818022343 Og1 
     1                           	processor	16F1829
     2                           	pagewidth 120
     3                           	opt	flic
     4                           	psect	idataCOMMON,global,class=CODE,delta=2,noexec
     5                           	psect	cinit,global,class=CODE,merge=1,delta=2
     6                           	psect	bssCOMMON,global,class=COMMON,space=1,delta=1,noexec
     7                           	psect	dataCOMMON,global,class=COMMON,space=1,delta=1,noexec
     8                           	psect	cstackCOMMON,global,class=COMMON,space=1,delta=1,noexec
     9                           	psect	cstackBANK0,global,class=BANK0,space=1,delta=1,noexec
    10                           	psect	maintext,global,class=CODE,merge=1,split=1,delta=2
    11                           	psect	text1,local,class=CODE,merge=1,delta=2
    12                           	psect	text2,local,class=CODE,merge=1,delta=2
    13                           	psect	text3,local,class=CODE,merge=1,delta=2
    14                           	psect	text4,local,class=CODE,merge=1,delta=2
    15                           	psect	intentry,global,class=CODE,delta=2
    16                           	psect	text6,local,class=CODE,merge=1,delta=2
    17                           	psect	text7,local,class=CODE,merge=1,delta=2
    18                           	psect	config,global,abs,ovrld,class=CONFIG,space=4,delta=2,noexec
    19                           	dabs	1,0x7E,2
    20     0000                     
    21                           ; Generated 07/09/2023 GMT
    22                           ; 
    23                           ; Copyright © 2023, Microchip Technology Inc. and its subsidiaries ("Microchip")
    24                           ; All rights reserved.
    25                           ; 
    26                           ; This software is developed by Microchip Technology Inc. and its subsidiaries ("Microch
      +                          ip").
    27                           ; 
    28                           ; Redistribution and use in source and binary forms, with or without modification, are
    29                           ; permitted provided that the following conditions are met:
    30                           ; 
    31                           ;     1. Redistributions of source code must retain the above copyright notice, this lis
      +                          t of
    32                           ;        conditions and the following disclaimer.
    33                           ; 
    34                           ;     2. Redistributions in binary form must reproduce the above copyright notice, this 
      +                          list
    35                           ;        of conditions and the following disclaimer in the documentation and/or other
    36                           ;        materials provided with the distribution. Publication is not required when
    37                           ;        this file is used in an embedded application.
    38                           ; 
    39                           ;     3. Microchip's name may not be used to endorse or promote products derived from th
      +                          is
    40                           ;        software without specific prior written permission.
    41                           ; 
    42                           ; THIS SOFTWARE IS PROVIDED BY MICROCHIP "AS IS" AND ANY EXPRESS OR IMPLIED WARRANTIES,
    43                           ; INCLUDING, BUT NOT LIMITED TO, THE IMPLIED WARRANTIES OF MERCHANTABILITY AND FITNESS F
      +                          OR
    44                           ; PURPOSE ARE DISCLAIMED.  IN NO EVENT SHALL MICROCHIP BE LIABLE FOR ANY DIRECT, INDIREC
      +                          T,
    45                           ; INCIDENTAL, SPECIAL, EXEMPLARY, OR CONSEQUENTIAL DAMAGES (INCLUDING BUT NOT LIMITED TO
    46                           ; PROCUREMENT OF SUBSTITUTE GOODS OR SERVICES; LOSS OF USE, DATA OR PROFITS; OR BUSINESS
    47                           ; INTERRUPTION) HOWSOEVER CAUSED AND ON ANY THEORY OF LIABILITY, WHETHER IN CONTRACT, ST
      +                          RICT
    48                           ; LIABILITY, OR TORT (INCLUDING NEGLIGENCE OR OTHERWISE) ARISING IN ANY WAY OUT OF THE U
      +                          SE OF
    49                           ; THIS SOFTWARE, EVEN IF ADVISED OF THE POSSIBILITY OF SUCH DAMAGE.
    50                           ; 
    51                           ; 
    52                           ; Code-generator required, PIC16F1829 Definitions
    53                           ; 
    54                           ; SFR Addresses
    55     0000                     	;# 
    56     0001                     	;# 
    57     0002                     	;# 
    58     0003                     	;# 
    59     0004                     	;# 
    60     0005                     	;# 
    61     0006                     	;# 
    62     0007                     	;# 
    63     0008                     	;# 
    64     0009                     	;# 
    65     000A                     	;# 
    66     000B                     	;# 
    67     000C                     	;# 
    68     000D                     	;# 
    69     000E                     	;# 
    70     0011                     	;# 
    71     0012                     	;# 
    72     0013                     	;# 
    73     0014                     	;# 
    74     0015                     	;# 
    75     0016                     	;# 
    76     0016                     	;# 
    77     0017                     	;# 
    78     0018                     	;# 
    79     0019                     	;# 
    80     001A                     	;# 
    81     001B                     	;# 
    82     001C                     	;# 
    83     001E                     	;# 
    84     001F                     	;# 
    85     008C                     	;# 
    86     008D                     	;# 
    87     008E                     	;# 
    88     0091                     	;# 
    89     0092                     	;# 
    90     0093                     	;# 
    91     0094                     	;# 
    92     0095                     	;# 
    93     0096                     	;# 
    94     0097                     	;# 
    95     0098                     	;# 
    96     0099                     	;# 
    97     009A                     	;# 
    98     009B                     	;# 
    99     009B                     	;# 
   100     009C                     	;# 
   101     009D                     	;# 
   102     009E                     	;# 
   103     010C                     	;# 
   104     010D                     	;# 
   105     010E                     	;# 
   106     0111                     	;# 
   107     0112                     	;# 
   108     0113                     	;# 
   109     0114                     	;# 
   110     0115                     	;# 
   111     0116                     	;# 
   112     0117                     	;# 
   113     0118                     	;# 
   114     0119                     	;# 
   115     011A                     	;# 
   116     011B                     	;# 
   117     011D                     	;# 
   118     011E                     	;# 
   119     018C                     	;# 
   120     018D                     	;# 
   121     018E                     	;# 
   122     0191                     	;# 
   123     0191                     	;# 
   124     0192                     	;# 
   125     0193                     	;# 
   126     0193                     	;# 
   127     0193                     	;# 
   128     0194                     	;# 
   129     0195                     	;# 
   130     0196                     	;# 
   131     0199                     	;# 
   132     019A                     	;# 
   133     019B                     	;# 
   134     019B                     	;# 
   135     019C                     	;# 
   136     019D                     	;# 
   137     019E                     	;# 
   138     019F                     	;# 
   139     020C                     	;# 
   140     020D                     	;# 
   141     020E                     	;# 
   142     0211                     	;# 
   143     0211                     	;# 
   144     0212                     	;# 
   145     0212                     	;# 
   146     0213                     	;# 
   147     0213                     	;# 
   148     0214                     	;# 
   149     0214                     	;# 
   150     0215                     	;# 
   151     0215                     	;# 
   152     0215                     	;# 
   153     0216                     	;# 
   154     0216                     	;# 
   155     0217                     	;# 
   156     0217                     	;# 
   157     0219                     	;# 
   158     021A                     	;# 
   159     021B                     	;# 
   160     021C                     	;# 
   161     021D                     	;# 
   162     021E                     	;# 
   163     021F                     	;# 
   164     0291                     	;# 
   165     0291                     	;# 
   166     0292                     	;# 
   167     0293                     	;# 
   168     0294                     	;# 
   169     0295                     	;# 
   170     0295                     	;# 
   171     0296                     	;# 
   172     0298                     	;# 
   173     0298                     	;# 
   174     0299                     	;# 
   175     029A                     	;# 
   176     029B                     	;# 
   177     029C                     	;# 
   178     029D                     	;# 
   179     029E                     	;# 
   180     029E                     	;# 
   181     0311                     	;# 
   182     0311                     	;# 
   183     0312                     	;# 
   184     0313                     	;# 
   185     0318                     	;# 
   186     0318                     	;# 
   187     0319                     	;# 
   188     031A                     	;# 
   189     038C                     	;# 
   190     038D                     	;# 
   191     038E                     	;# 
   192     0391                     	;# 
   193     0392                     	;# 
   194     0393                     	;# 
   195     0394                     	;# 
   196     0395                     	;# 
   197     0396                     	;# 
   198     039A                     	;# 
   199     039C                     	;# 
   200     039D                     	;# 
   201     039E                     	;# 
   202     039F                     	;# 
   203     0415                     	;# 
   204     0416                     	;# 
   205     0417                     	;# 
   206     041C                     	;# 
   207     041D                     	;# 
   208     041E                     	;# 
   209     0FE4                     	;# 
   210     0FE5                     	;# 
   211     0FE6                     	;# 
   212     0FE7                     	;# 
   213     0FE8                     	;# 
   214     0FE9                     	;# 
   215     0FEA                     	;# 
   216     0FEB                     	;# 
   217     0FED                     	;# 
   218     0FEE                     	;# 
   219     0FEF                     	;# 
   220     0000                     	;# 
   221     0001                     	;# 
   222     0002                     	;# 
   223     0003                     	;# 
   224     0004                     	;# 
   225     0005                     	;# 
   226     0006                     	;# 
   227     0007                     	;# 
   228     0008                     	;# 
   229     0009                     	;# 
   230     000A                     	;# 
   231     000B                     	;# 
   232     000C                     	;# 
   233     000D                     	;# 
   234     000E                     	;# 
   235     0011                     	;# 
   236     0012                     	;# 
   237     0013                     	;# 
   238     0014                     	;# 
   239     0015                     	;# 
   240     0016                     	;# 
   241     0016                     	;# 
   242     0017                     	;# 
   243     0018                     	;# 
   244     0019                     	;# 
   245     001A                     	;# 
   246     001B                     	;# 
   247     001C                     	;# 
   248     001E                     	;# 
   249     001F                     	;# 
   250     008C                     	;# 
   251     008D                     	;# 
   252     008E                     	;# 
   253     0091                     	;# 
   254     0092                     	;# 
   255     0093                     	;# 
   256     0094                     	;# 
   257     0095                     	;# 
   258     0096                     	;# 
   259     0097                     	;# 
   260     0098                     	;# 
   261     0099                     	;# 
   262     009A                     	;# 
   263     009B                     	;# 
   264     009B                     	;# 
   265     009C                     	;# 
   266     009D                     	;# 
   267     009E                     	;# 
   268     010C                     	;# 
   269     010D                     	;# 
   270     010E                     	;# 
   271     0111                     	;# 
   272     0112                     	;# 
   273     0113                     	;# 
   274     0114                     	;# 
   275     0115                     	;# 
   276     0116                     	;# 
   277     0117                     	;# 
   278     0118                     	;# 
   279     0119                     	;# 
   280     011A                     	;# 
   281     011B                     	;# 
   282     011D                     	;# 
   283     011E                     	;# 
   284     018C                     	;# 
   285     018D                     	;# 
   286     018E                     	;# 
   287     0191                     	;# 
   288     0191                     	;# 
   289     0192                     	;# 
   290     0193                     	;# 
   291     0193                     	;# 
   292     0193                     	;# 
   293     0194                     	;# 
   294     0195                     	;# 
   295     0196                     	;# 
   296     0199                     	;# 
   297     019A                     	;# 
   298     019B                     	;# 
   299     019B                     	;# 
   300     019C                     	;# 
   301     019D                     	;# 
   302     019E                     	;# 
   303     019F                     	;# 
   304     020C                     	;# 
   305     020D                     	;# 
   306     020E                     	;# 
   307     0211                     	;# 
   308     0211                     	;# 
   309     0212                     	;# 
   310     0212                     	;# 
   311     0213                     	;# 
   312     0213                     	;# 
   313     0214                     	;# 
   314     0214                     	;# 
   315     0215                     	;# 
   316     0215                     	;# 
   317     0215                     	;# 
   318     0216                     	;# 
   319     0216                     	;# 
   320     0217                     	;# 
   321     0217                     	;# 
   322     0219                     	;# 
   323     021A                     	;# 
   324     021B                     	;# 
   325     021C                     	;# 
   326     021D                     	;# 
   327     021E                     	;# 
   328     021F                     	;# 
   329     0291                     	;# 
   330     0291                     	;# 
   331     0292                     	;# 
   332     0293                     	;# 
   333     0294                     	;# 
   334     0295                     	;# 
   335     0295                     	;# 
   336     0296                     	;# 
   337     0298                     	;# 
   338     0298                     	;# 
   339     0299                     	;# 
   340     029A                     	;# 
   341     029B                     	;# 
   342     029C                     	;# 
   343     029D                     	;# 
   344     029E                     	;# 
   345     029E                     	;# 
   346     0311                     	;# 
   347     0311                     	;# 
   348     0312                     	;# 
   349     0313                     	;# 
   350     0318                     	;# 
   351     0318                     	;# 
   352     0319                     	;# 
   353     031A                     	;# 
   354     038C                     	;# 
   355     038D                     	;# 
   356     038E                     	;# 
   357     0391                     	;# 
   358     0392                     	;# 
   359     0393                     	;# 
   360     0394                     	;# 
   361     0395                     	;# 
   362     0396                     	;# 
   363     039A                     	;# 
   364     039C                     	;# 
   365     039D                     	;# 
   366     039E                     	;# 
   367     039F                     	;# 
   368     0415                     	;# 
   369     0416                     	;# 
   370     0417                     	;# 
   371     041C                     	;# 
   372     041D                     	;# 
   373     041E                     	;# 
   374     0FE4                     	;# 
   375     0FE5                     	;# 
   376     0FE6                     	;# 
   377     0FE7                     	;# 
   378     0FE8                     	;# 
   379     0FE9                     	;# 
   380     0FEA                     	;# 
   381     0FEB                     	;# 
   382     0FED                     	;# 
   383     0FEE                     	;# 
   384     0FEF                     	;# 
   385     0000                     	;# 
   386     0001                     	;# 
   387     0002                     	;# 
   388     0003                     	;# 
   389     0004                     	;# 
   390     0005                     	;# 
   391     0006                     	;# 
   392     0007                     	;# 
   393     0008                     	;# 
   394     0009                     	;# 
   395     000A                     	;# 
   396     000B                     	;# 
   397     000C                     	;# 
   398     000D                     	;# 
   399     000E                     	;# 
   400     0011                     	;# 
   401     0012                     	;# 
   402     0013                     	;# 
   403     0014                     	;# 
   404     0015                     	;# 
   405     0016                     	;# 
   406     0016                     	;# 
   407     0017                     	;# 
   408     0018                     	;# 
   409     0019                     	;# 
   410     001A                     	;# 
   411     001B                     	;# 
   412     001C                     	;# 
   413     001E                     	;# 
   414     001F                     	;# 
   415     008C                     	;# 
   416     008D                     	;# 
   417     008E                     	;# 
   418     0091                     	;# 
   419     0092                     	;# 
   420     0093                     	;# 
   421     0094                     	;# 
   422     0095                     	;# 
   423     0096                     	;# 
   424     0097                     	;# 
   425     0098                     	;# 
   426     0099                     	;# 
   427     009A                     	;# 
   428     009B                     	;# 
   429     009B                     	;# 
   430     009C                     	;# 
   431     009D                     	;# 
   432     009E                     	;# 
   433     010C                     	;# 
   434     010D                     	;# 
   435     010E                     	;# 
   436     0111                     	;# 
   437     0112                     	;# 
   438     0113                     	;# 
   439     0114                     	;# 
   440     0115                     	;# 
   441     0116                     	;# 
   442     0117                     	;# 
   443     0118                     	;# 
   444     0119                     	;# 
   445     011A                     	;# 
   446     011B                     	;# 
   447     011D                     	;# 
   448     011E                     	;# 
   449     018C                     	;# 
   450     018D                     	;# 
   451     018E                     	;# 
   452     0191                     	;# 
   453     0191                     	;# 
   454     0192                     	;# 
   455     0193                     	;# 
   456     0193                     	;# 
   457     0193                     	;# 
   458     0194                     	;# 
   459     0195                     	;# 
   460     0196                     	;# 
   461     0199                     	;# 
   462     019A                     	;# 
   463     019B                     	;# 
   464     019B                     	;# 
   465     019C                     	;# 
   466     019D                     	;# 
   467     019E                     	;# 
   468     019F                     	;# 
   469     020C                     	;# 
   470     020D                     	;# 
   471     020E                     	;# 
   472     0211                     	;# 
   473     0211                     	;# 
   474     0212                     	;# 
   475     0212                     	;# 
   476     0213                     	;# 
   477     0213                     	;# 
   478     0214                     	;# 
   479     0214                     	;# 
   480     0215                     	;# 
   481     0215                     	;# 
   482     0215                     	;# 
   483     0216                     	;# 
   484     0216                     	;# 
   485     0217                     	;# 
   486     0217                     	;# 
   487     0219                     	;# 
   488     021A                     	;# 
   489     021B                     	;# 
   490     021C                     	;# 
   491     021D                     	;# 
   492     021E                     	;# 
   493     021F                     	;# 
   494     0291                     	;# 
   495     0291                     	;# 
   496     0292                     	;# 
   497     0293                     	;# 
   498     0294                     	;# 
   499     0295                     	;# 
   500     0295                     	;# 
   501     0296                     	;# 
   502     0298                     	;# 
   503     0298                     	;# 
   504     0299                     	;# 
   505     029A                     	;# 
   506     029B                     	;# 
   507     029C                     	;# 
   508     029D                     	;# 
   509     029E                     	;# 
   510     029E                     	;# 
   511     0311                     	;# 
   512     0311                     	;# 
   513     0312                     	;# 
   514     0313                     	;# 
   515     0318                     	;# 
   516     0318                     	;# 
   517     0319                     	;# 
   518     031A                     	;# 
   519     038C                     	;# 
   520     038D                     	;# 
   521     038E                     	;# 
   522     0391                     	;# 
   523     0392                     	;# 
   524     0393                     	;# 
   525     0394                     	;# 
   526     0395                     	;# 
   527     0396                     	;# 
   528     039A                     	;# 
   529     039C                     	;# 
   530     039D                     	;# 
   531     039E                     	;# 
   532     039F                     	;# 
   533     0415                     	;# 
   534     0416                     	;# 
   535     0417                     	;# 
   536     041C                     	;# 
   537     041D                     	;# 
   538     041E                     	;# 
   539     0FE4                     	;# 
   540     0FE5                     	;# 
   541     0FE6                     	;# 
   542     0FE7                     	;# 
   543     0FE8                     	;# 
   544     0FE9                     	;# 
   545     0FEA                     	;# 
   546     0FEB                     	;# 
   547     0FED                     	;# 
   548     0FEE                     	;# 
   549     0FEF                     	;# 
   550                           
   551                           	psect	idataCOMMON
   552     00E5                     __pidataCOMMON:
   553                           
   554                           ;initializer for _ButtonTrigger
   555     00E5  3401               	retlw	1
   556     00E6  3400               	retlw	0
   557     000B                     _INTCONbits	set	11
   558     000D                     _PORTBbits	set	13
   559     005C                     _INTE	set	92
   560     005E                     _PEIE	set	94
   561     005F                     _GIE	set	95
   562     0095                     _OPTION_REGbits	set	149
   563     0099                     _OSCCONbits	set	153
   564     0091                     _PIE1bits	set	145
   565     008D                     _TRISBbits	set	141
   566     008E                     _TRISCbits	set	142
   567     010E                     _LATCbits	set	270
   568     018C                     _ANSELA	set	396
   569     018D                     _ANSELB	set	397
   570     018E                     _ANSELC	set	398
   571     0211                     _SSP1BUF	set	529
   572     0214                     _SSP1STATbits	set	532
   573     0215                     _SSP1CON1bits	set	533
   574                           
   575                           	psect	cinit
   576     005B                     start_initialization:	
   577                           ; #config settings
   578                           
   579     005B                     __initialization:
   580                           
   581                           ; Initialize objects allocated to COMMON
   582     005B  3180  20E5  3180   	fcall	__pidataCOMMON	;fetch initializer
   583     005E  00F9               	movwf	__pdataCOMMON& (0+127)
   584     005F  3180  20E6  3180   	fcall	__pidataCOMMON+1	;fetch initializer
   585     0062  00FA               	movwf	(__pdataCOMMON+1)& (0+127)
   586                           
   587                           ; Clear objects allocated to COMMON
   588     0063  01F6               	clrf	__pbssCOMMON& (0+127)
   589     0064  01F7               	clrf	(__pbssCOMMON+1)& (0+127)
   590     0065  01F8               	clrf	(__pbssCOMMON+2)& (0+127)
   591     0066                     end_of_initialization:	
   592                           ;End of C runtime variable initialization code
   593                           
   594     0066                     __end_of__initialization:
   595     0066  107E               	bcf	int$flags,0	;clear compiler interrupt flag (level 1)
   596     0067  0020               	movlb	0
   597     0068  3180  28DA         	ljmp	_main	;jump to C main() function
   598                           
   599                           	psect	bssCOMMON
   600     0076                     __pbssCOMMON:
   601     0076                     _on:
   602     0076                     	ds	2
   603     0078                     _spi_buffer:
   604     0078                     	ds	1
   605                           
   606                           	psect	dataCOMMON
   607     0079                     __pdataCOMMON:
   608     0079                     _ButtonTrigger:
   609     0079                     	ds	2
   610                           
   611                           	psect	cstackCOMMON
   612     0070                     __pcstackCOMMON:
   613     0070                     ?_pic_init:
   614     0070                     ?_init_osc:	
   615                           ; 1 bytes @ 0x0
   616                           
   617     0070                     ?_init_gpio:	
   618                           ; 1 bytes @ 0x0
   619                           
   620     0070                     ?_spi_transmit:	
   621                           ; 1 bytes @ 0x0
   622                           
   623     0070                     ??_spi_transmit:	
   624                           ; 1 bytes @ 0x0
   625                           
   626     0070                     ?_spi_read:	
   627                           ; 1 bytes @ 0x0
   628                           
   629     0070                     ??_spi_read:	
   630                           ; 1 bytes @ 0x0
   631                           
   632     0070                     ?_main:	
   633                           ; 1 bytes @ 0x0
   634                           
   635     0070                     ?_isr:	
   636                           ; 1 bytes @ 0x0
   637                           
   638     0070                     spi_transmit@c:	
   639                           ; 1 bytes @ 0x0
   640                           
   641                           
   642                           ; 1 bytes @ 0x0
   643     0070                     	ds	1
   644     0071                     ??_isr:
   645                           
   646                           ; 1 bytes @ 0x1
   647     0071                     	ds	2
   648     0073                     ??_init_osc:
   649     0073                     ??_init_gpio:	
   650                           ; 1 bytes @ 0x3
   651                           
   652     0073                     ?_spi_init:	
   653                           ; 1 bytes @ 0x3
   654                           
   655     0073                     spi_init@sdi_rx_smp:	
   656                           ; 1 bytes @ 0x3
   657                           
   658                           
   659                           ; 1 bytes @ 0x3
   660     0073                     	ds	1
   661     0074                     spi_init@clock_pol:
   662                           
   663                           ; 1 bytes @ 0x4
   664     0074                     	ds	1
   665     0075                     spi_init@sdo_tx_edge:
   666                           
   667                           ; 1 bytes @ 0x5
   668     0075                     	ds	1
   669     0076                     ??_pic_init:
   670     0076                     ??_spi_init:	
   671                           ; 1 bytes @ 0x6
   672                           
   673     0076                     ??_main:	
   674                           ; 1 bytes @ 0x6
   675                           
   676                           
   677                           	psect	cstackBANK0
   678     0020                     __pcstackBANK0:	
   679                           ; 1 bytes @ 0x6
   680                           
   681     0020                     spi_init@mst_slv_oscdiv:
   682                           
   683                           ; 1 bytes @ 0x0
   684     0020                     	ds	1
   685                           
   686                           	psect	maintext
   687     00DA                     __pmaintext:	
   688 ;;
   689 ;;Main: autosize = 0, tempsize = 0, incstack = 0, save=0
   690 ;;
   691 ;; *************** function _main *****************
   692 ;; Defined at:
   693 ;;		line 49 in file "1829.c"
   694 ;; Parameters:    Size  Location     Type
   695 ;;		None
   696 ;; Auto vars:     Size  Location     Type
   697 ;;		None
   698 ;; Return value:  Size  Location     Type
   699 ;;                  1    wreg      void 
   700 ;; Registers used:
   701 ;;		wreg, status,2, status,0, pclath, cstack
   702 ;; Tracked objects:
   703 ;;		On entry : B1F/0
   704 ;;		On exit  : 0/0
   705 ;;		Unchanged: 0/0
   706 ;; Data sizes:     COMMON   BANK0   BANK1   BANK2   BANK3   BANK4   BANK5   BANK6   BANK7   BANK8   BANK9  BANK10  BANK1
      +1  BANK12
   707 ;;      Params:         0       0       0       0       0       0       0       0       0       0       0       0       
      +0       0
   708 ;;      Locals:         0       0       0       0       0       0       0       0       0       0       0       0       
      +0       0
   709 ;;      Temps:          0       0       0       0       0       0       0       0       0       0       0       0       
      +0       0
   710 ;;      Totals:         0       0       0       0       0       0       0       0       0       0       0       0       
      +0       0
   711 ;;Total ram usage:        0 bytes
   712 ;; Hardware stack levels required when called: 4
   713 ;; This function calls:
   714 ;;		_pic_init
   715 ;; This function is called by:
   716 ;;		Startup code after reset
   717 ;; This function uses a non-reentrant model
   718 ;;
   719                           
   720     00DA                     _main:	
   721                           ;psect for function _main
   722                           
   723     00DA                     l930:	
   724                           ;incstack = 0
   725                           ; Regs used in _main: [wreg+status,2+status,0+pclath+cstack]
   726                           
   727     00DA  3180  20B1  3180   	fcall	_pic_init
   728     00DD                     l78:
   729     00DD                     l79:
   730     00DD  28DD               	goto	l78
   731     00DE  3180  2859         	ljmp	start
   732     00E0                     __end_of_main:
   733                           
   734                           	psect	text1
   735     00B1                     __ptext1:	
   736 ;; *************** function _pic_init *****************
   737 ;; Defined at:
   738 ;;		line 56 in file "1829.c"
   739 ;; Parameters:    Size  Location     Type
   740 ;;		None
   741 ;; Auto vars:     Size  Location     Type
   742 ;;		None
   743 ;; Return value:  Size  Location     Type
   744 ;;                  1    wreg      void 
   745 ;; Registers used:
   746 ;;		wreg, status,2, status,0, pclath, cstack
   747 ;; Tracked objects:
   748 ;;		On entry : 0/0
   749 ;;		On exit  : 0/0
   750 ;;		Unchanged: 0/0
   751 ;; Data sizes:     COMMON   BANK0   BANK1   BANK2   BANK3   BANK4   BANK5   BANK6   BANK7   BANK8   BANK9  BANK10  BANK1
      +1  BANK12
   752 ;;      Params:         0       0       0       0       0       0       0       0       0       0       0       0       
      +0       0
   753 ;;      Locals:         0       0       0       0       0       0       0       0       0       0       0       0       
      +0       0
   754 ;;      Temps:          0       0       0       0       0       0       0       0       0       0       0       0       
      +0       0
   755 ;;      Totals:         0       0       0       0       0       0       0       0       0       0       0       0       
      +0       0
   756 ;;Total ram usage:        0 bytes
   757 ;; Hardware stack levels used: 1
   758 ;; Hardware stack levels required when called: 3
   759 ;; This function calls:
   760 ;;		_init_gpio
   761 ;;		_init_osc
   762 ;;		_spi_init
   763 ;; This function is called by:
   764 ;;		_main
   765 ;; This function uses a non-reentrant model
   766 ;;
   767                           
   768     00B1                     _pic_init:	
   769                           ;psect for function _pic_init
   770                           
   771     00B1                     l924:	
   772                           ;incstack = 0
   773                           ; Regs used in _pic_init: [wreg+status,2+status,0+pclath+cstack]
   774                           
   775     00B1  3180  20CA  3180   	fcall	_init_osc
   776     00B4                     l926:
   777     00B4  3180  20BF  3180   	fcall	_init_gpio
   778     00B7                     l928:
   779     00B7  01F3               	clrf	spi_init@sdi_rx_smp
   780     00B8  01F4               	clrf	spi_init@clock_pol
   781     00B9  01F5               	clrf	spi_init@sdo_tx_edge
   782     00BA  3000               	movlw	0
   783     00BB  3180  206A  3180   	fcall	_spi_init
   784     00BE                     l84:
   785     00BE  0008               	return
   786     00BF                     __end_of_pic_init:
   787                           
   788                           	psect	text2
   789     006A                     __ptext2:	
   790 ;; *************** function _spi_init *****************
   791 ;; Defined at:
   792 ;;		line 3 in file "spi.c"
   793 ;; Parameters:    Size  Location     Type
   794 ;;  mst_slv_oscd    1    wreg     enum E2477
   795 ;;  sdi_rx_smp      1    3[COMMON] enum E2485
   796 ;;  clock_pol       1    4[COMMON] enum E2489
   797 ;;  sdo_tx_edge     1    5[COMMON] enum E2493
   798 ;; Auto vars:     Size  Location     Type
   799 ;;  mst_slv_oscd    1    0[BANK0 ] enum E2477
   800 ;; Return value:  Size  Location     Type
   801 ;;                  1    wreg      void 
   802 ;; Registers used:
   803 ;;		wreg, status,2, status,0
   804 ;; Tracked objects:
   805 ;;		On entry : 0/0
   806 ;;		On exit  : 0/0
   807 ;;		Unchanged: 0/0
   808 ;; Data sizes:     COMMON   BANK0   BANK1   BANK2   BANK3   BANK4   BANK5   BANK6   BANK7   BANK8   BANK9  BANK10  BANK1
      +1  BANK12
   809 ;;      Params:         3       0       0       0       0       0       0       0       0       0       0       0       
      +0       0
   810 ;;      Locals:         0       1       0       0       0       0       0       0       0       0       0       0       
      +0       0
   811 ;;      Temps:          0       0       0       0       0       0       0       0       0       0       0       0       
      +0       0
   812 ;;      Totals:         3       1       0       0       0       0       0       0       0       0       0       0       
      +0       0
   813 ;;Total ram usage:        4 bytes
   814 ;; Hardware stack levels used: 1
   815 ;; Hardware stack levels required when called: 2
   816 ;; This function calls:
   817 ;;		Nothing
   818 ;; This function is called by:
   819 ;;		_pic_init
   820 ;; This function uses a non-reentrant model
   821 ;;
   822                           
   823     006A                     _spi_init:	
   824                           ;psect for function _spi_init
   825                           
   826                           
   827                           ;incstack = 0
   828                           ; Regs used in _spi_init: [wreg+status,2+status,0]
   829                           ;spi_init@mst_slv_oscdiv stored from wreg
   830     006A  0020               	movlb	0	; select bank0
   831     006B  00A0               	movwf	spi_init@mst_slv_oscdiv
   832     006C                     l906:
   833                           
   834                           ;spi.c: 3: void spi_init(sspmode mst_slv_oscdiv, rxsmpmoment sdi_rx_smp, clkpol clock_po
      +                          l, txclkedge sdo_tx_edge);spi.c: 4: {;spi.c: 5:     SSP1CON1bits.SSPM = mst_slv_oscdiv;
   835     006C  0024               	movlb	4	; select bank4
   836     006D  0815               	movf	21,w	;volatile
   837     006E  0020               	movlb	0	; select bank0
   838     006F  0620               	xorwf	spi_init@mst_slv_oscdiv,w
   839     0070  39F0               	andlw	-16
   840     0071  0620               	xorwf	spi_init@mst_slv_oscdiv,w
   841     0072  0024               	movlb	4	; select bank4
   842     0073  0095               	movwf	21	;volatile
   843     0074                     l908:
   844                           
   845                           ;spi.c: 6:     TRISCbits.TRISC7 = 0;
   846     0074  0021               	movlb	1	; select bank1
   847     0075  138E               	bcf	14,7	;volatile
   848     0076                     l910:
   849                           
   850                           ;spi.c: 8:     if (mst_slv_oscdiv >= SLV_SS_EN && mst_slv_oscdiv <= SLV_SS_DIS) {
   851     0076  3004               	movlw	4
   852     0077  0020               	movlb	0	; select bank0
   853     0078  0220               	subwf	spi_init@mst_slv_oscdiv,w
   854     0079  1C03               	skipc
   855     007A  287C               	goto	u141
   856     007B  287D               	goto	u140
   857     007C                     u141:
   858     007C  2895               	goto	l916
   859     007D                     u140:
   860     007D                     l912:
   861     007D  3006               	movlw	6
   862     007E  0220               	subwf	spi_init@mst_slv_oscdiv,w
   863     007F  1803               	skipnc
   864     0080  2882               	goto	u151
   865     0081  2883               	goto	u150
   866     0082                     u151:
   867     0082  2895               	goto	l916
   868     0083                     u150:
   869     0083                     l914:
   870                           
   871                           ;spi.c: 9:         SSP1STATbits.SMP = 0;
   872     0083  0024               	movlb	4	; select bank4
   873     0084  1394               	bcf	20,7	;volatile
   874                           
   875                           ;spi.c: 10:         TRISBbits.TRISB6 = 1;
   876     0085  0021               	movlb	1	; select bank1
   877     0086  170D               	bsf	13,6	;volatile
   878                           
   879                           ;spi.c: 11:         SSP1CON1bits.CKP = PORTBbits.RB6;
   880     0087  0020               	movlb	0	; select bank0
   881     0088  1B0D               	btfsc	13,6	;volatile
   882     0089  288B               	goto	u161
   883     008A  288E               	goto	u160
   884     008B                     u161:
   885     008B  0024               	movlb	4	; select bank4
   886     008C  1615               	bsf	21,4	;volatile
   887     008D  2890               	goto	u174
   888     008E                     u160:
   889     008E  0024               	movlb	4	; select bank4
   890     008F  1215               	bcf	21,4	;volatile
   891     0090                     u174:
   892                           
   893                           ;spi.c: 12:         GIE = 1;
   894     0090  178B               	bsf	11,7	;volatile
   895                           
   896                           ;spi.c: 13:         PEIE = 1;
   897     0091  170B               	bsf	11,6	;volatile
   898                           
   899                           ;spi.c: 14:         PIE1bits.SSP1IE = 1;
   900     0092  0021               	movlb	1	; select bank1
   901     0093  1591               	bsf	17,3	;volatile
   902                           
   903                           ;spi.c: 15:     }
   904     0094  28A9               	goto	l22
   905     0095                     l916:
   906     0095  3004               	movlw	4
   907     0096  0220               	subwf	spi_init@mst_slv_oscdiv,w
   908     0097  1803               	skipnc
   909     0098  289A               	goto	u181
   910     0099  289B               	goto	u180
   911     009A                     u181:
   912     009A  28A9               	goto	l22
   913     009B                     u180:
   914     009B                     l918:
   915                           
   916                           ;spi.c: 17:         SSP1STATbits.SMP = sdi_rx_smp;
   917     009B  0C73               	rrf	spi_init@sdi_rx_smp,w
   918     009C  0024               	movlb	4	; select bank4
   919     009D  1C03               	skipc
   920     009E  1394               	bcf	20,7	;volatile
   921     009F  1803               	skipnc
   922     00A0  1794               	bsf	20,7	;volatile
   923     00A1                     l920:
   924                           
   925                           ;spi.c: 18:         TRISBbits.TRISB6 = 0;
   926     00A1  0021               	movlb	1	; select bank1
   927     00A2  130D               	bcf	13,6	;volatile
   928                           
   929                           ;spi.c: 19:         SSP1CON1bits.CKP = clock_pol;
   930     00A3  0C74               	rrf	spi_init@clock_pol,w
   931     00A4  0024               	movlb	4	; select bank4
   932     00A5  1C03               	skipc
   933     00A6  1215               	bcf	21,4	;volatile
   934     00A7  1803               	skipnc
   935     00A8  1615               	bsf	21,4	;volatile
   936     00A9                     l22:
   937                           
   938                           ;spi.c: 21:     SSP1STATbits.CKE = sdo_tx_edge;
   939     00A9  0C75               	rrf	spi_init@sdo_tx_edge,w
   940     00AA  0024               	movlb	4	; select bank4
   941     00AB  1C03               	skipc
   942     00AC  1314               	bcf	20,6	;volatile
   943     00AD  1803               	skipnc
   944     00AE  1714               	bsf	20,6	;volatile
   945     00AF                     l922:
   946                           
   947                           ;spi.c: 22:     SSP1CON1bits.SSPEN = 1;
   948     00AF  1695               	bsf	21,5	;volatile
   949     00B0                     l24:
   950     00B0  0008               	return
   951     00B1                     __end_of_spi_init:
   952                           
   953                           	psect	text3
   954     00CA                     __ptext3:	
   955 ;; *************** function _init_osc *****************
   956 ;; Defined at:
   957 ;;		line 64 in file "1829.c"
   958 ;; Parameters:    Size  Location     Type
   959 ;;		None
   960 ;; Auto vars:     Size  Location     Type
   961 ;;		None
   962 ;; Return value:  Size  Location     Type
   963 ;;                  1    wreg      void 
   964 ;; Registers used:
   965 ;;		wreg, status,2, status,0
   966 ;; Tracked objects:
   967 ;;		On entry : 0/0
   968 ;;		On exit  : 0/0
   969 ;;		Unchanged: 0/0
   970 ;; Data sizes:     COMMON   BANK0   BANK1   BANK2   BANK3   BANK4   BANK5   BANK6   BANK7   BANK8   BANK9  BANK10  BANK1
      +1  BANK12
   971 ;;      Params:         0       0       0       0       0       0       0       0       0       0       0       0       
      +0       0
   972 ;;      Locals:         0       0       0       0       0       0       0       0       0       0       0       0       
      +0       0
   973 ;;      Temps:          0       0       0       0       0       0       0       0       0       0       0       0       
      +0       0
   974 ;;      Totals:         0       0       0       0       0       0       0       0       0       0       0       0       
      +0       0
   975 ;;Total ram usage:        0 bytes
   976 ;; Hardware stack levels used: 1
   977 ;; Hardware stack levels required when called: 2
   978 ;; This function calls:
   979 ;;		Nothing
   980 ;; This function is called by:
   981 ;;		_pic_init
   982 ;; This function uses a non-reentrant model
   983 ;;
   984                           
   985     00CA                     _init_osc:	
   986                           ;psect for function _init_osc
   987                           
   988     00CA                     l730:	
   989                           ;incstack = 0
   990                           ; Regs used in _init_osc: [wreg+status,2+status,0]
   991                           
   992     00CA  30FC               	movlw	-4
   993     00CB  0021               	movlb	1	; select bank1
   994     00CC  0599               	andwf	25,f	;volatile
   995     00CD  0819               	movf	25,w	;volatile
   996     00CE  3987               	andlw	-121
   997     00CF  3868               	iorlw	104
   998     00D0  0099               	movwf	25	;volatile
   999     00D1                     l732:
  1000     00D1  1399               	bcf	25,7	;volatile
  1001     00D2                     l87:
  1002     00D2  0008               	return
  1003     00D3                     __end_of_init_osc:
  1004                           
  1005                           	psect	text4
  1006     00BF                     __ptext4:	
  1007 ;; *************** function _init_gpio *****************
  1008 ;; Defined at:
  1009 ;;		line 74 in file "1829.c"
  1010 ;; Parameters:    Size  Location     Type
  1011 ;;		None
  1012 ;; Auto vars:     Size  Location     Type
  1013 ;;		None
  1014 ;; Return value:  Size  Location     Type
  1015 ;;                  1    wreg      void 
  1016 ;; Registers used:
  1017 ;;		status,2
  1018 ;; Tracked objects:
  1019 ;;		On entry : 0/0
  1020 ;;		On exit  : 0/0
  1021 ;;		Unchanged: 0/0
  1022 ;; Data sizes:     COMMON   BANK0   BANK1   BANK2   BANK3   BANK4   BANK5   BANK6   BANK7   BANK8   BANK9  BANK10  BANK1
      +1  BANK12
  1023 ;;      Params:         0       0       0       0       0       0       0       0       0       0       0       0       
      +0       0
  1024 ;;      Locals:         0       0       0       0       0       0       0       0       0       0       0       0       
      +0       0
  1025 ;;      Temps:          0       0       0       0       0       0       0       0       0       0       0       0       
      +0       0
  1026 ;;      Totals:         0       0       0       0       0       0       0       0       0       0       0       0       
      +0       0
  1027 ;;Total ram usage:        0 bytes
  1028 ;; Hardware stack levels used: 1
  1029 ;; Hardware stack levels required when called: 2
  1030 ;; This function calls:
  1031 ;;		Nothing
  1032 ;; This function is called by:
  1033 ;;		_pic_init
  1034 ;; This function uses a non-reentrant model
  1035 ;;
  1036                           
  1037     00BF                     _init_gpio:	
  1038                           ;psect for function _init_gpio
  1039                           
  1040     00BF                     l734:	
  1041                           ;incstack = 0
  1042                           ; Regs used in _init_gpio: [status,2]
  1043                           
  1044     00BF  0023               	movlb	3	; select bank3
  1045     00C0  018E               	clrf	14	;volatile
  1046     00C1  018D               	clrf	13	;volatile
  1047     00C2  018C               	clrf	12	;volatile
  1048     00C3                     l736:
  1049     00C3  0021               	movlb	1	; select bank1
  1050     00C4  130E               	bcf	14,6	;volatile
  1051     00C5                     l738:
  1052     00C5  0022               	movlb	2	; select bank2
  1053     00C6  170E               	bsf	14,6	;volatile
  1054     00C7                     l740:
  1055     00C7  178B               	bsf	11,7	;volatile
  1056     00C8                     l742:
  1057     00C8  160B               	bsf	11,4	;volatile
  1058     00C9                     l90:
  1059     00C9  0008               	return
  1060     00CA                     __end_of_init_gpio:
  1061                           
  1062                           	psect	intentry
  1063     0004                     __pintentry:	
  1064 ;; *************** function _isr *****************
  1065 ;; Defined at:
  1066 ;;		line 86 in file "1829.c"
  1067 ;; Parameters:    Size  Location     Type
  1068 ;;		None
  1069 ;; Auto vars:     Size  Location     Type
  1070 ;;		None
  1071 ;; Return value:  Size  Location     Type
  1072 ;;                  1    wreg      void 
  1073 ;; Registers used:
  1074 ;;		wreg, fsr0l, fsr0h, status,2, status,0, pclath, cstack
  1075 ;; Tracked objects:
  1076 ;;		On entry : 0/0
  1077 ;;		On exit  : 0/0
  1078 ;;		Unchanged: 0/0
  1079 ;; Data sizes:     COMMON   BANK0   BANK1   BANK2   BANK3   BANK4   BANK5   BANK6   BANK7   BANK8   BANK9  BANK10  BANK1
      +1  BANK12
  1080 ;;      Params:         0       0       0       0       0       0       0       0       0       0       0       0       
      +0       0
  1081 ;;      Locals:         0       0       0       0       0       0       0       0       0       0       0       0       
      +0       0
  1082 ;;      Temps:          2       0       0       0       0       0       0       0       0       0       0       0       
      +0       0
  1083 ;;      Totals:         2       0       0       0       0       0       0       0       0       0       0       0       
      +0       0
  1084 ;;Total ram usage:        2 bytes
  1085 ;; Hardware stack levels used: 1
  1086 ;; Hardware stack levels required when called: 1
  1087 ;; This function calls:
  1088 ;;		_spi_read
  1089 ;;		_spi_transmit
  1090 ;; This function is called by:
  1091 ;;		Interrupt level 1
  1092 ;; This function uses a non-reentrant model
  1093 ;;
  1094                           
  1095     0004                     _isr:
  1096                           
  1097                           ;incstack = 0
  1098     0004  147E               	bsf	int$flags,0	;set compiler interrupt flag (level 1)
  1099                           
  1100                           ; Regs used in _isr: [wreg-fsr0h+status,2+status,0+pclath+cstack]
  1101     0005  3180               	pagesel	$
  1102     0006                     i1l760:
  1103     0006  2829               	goto	i1l776
  1104     0007                     i1l762:
  1105     0007  3055               	movlw	85
  1106     0008  3180  20E0  3180   	fcall	_spi_transmit
  1107     000B                     i1l764:
  1108     000B  3180  20D3  3180   	fcall	_spi_read
  1109     000E  00F8               	movwf	_spi_buffer
  1110     000F                     i1l766:
  1111     000F  0878               	movf	_spi_buffer,w
  1112     0010  39F0               	andlw	240
  1113     0011  1903               	btfsc	3,2
  1114     0012  2814               	goto	u7_21
  1115     0013  2815               	goto	u7_20
  1116     0014                     u7_21:
  1117     0014  2824               	goto	i1l97
  1118     0015                     u7_20:
  1119     0015                     i1l768:
  1120     0015  0022               	movlb	2	; select bank2
  1121     0016  130E               	bcf	14,6	;volatile
  1122     0017                     i1l770:
  1123     0017  3003               	movlw	3
  1124     0018  00F2               	movwf	??_isr+1
  1125     0019  308A               	movlw	138
  1126     001A  00F1               	movwf	??_isr
  1127     001B  3056               	movlw	86
  1128     001C                     u19_27:
  1129     001C  0B89               	decfsz	9,f
  1130     001D  281C               	goto	u19_27
  1131     001E  0BF1               	decfsz	??_isr,f
  1132     001F  281C               	goto	u19_27
  1133     0020  0BF2               	decfsz	??_isr+1,f
  1134     0021  281C               	goto	u19_27
  1135     0022                     i1l772:
  1136     0022  0022               	movlb	2	; select bank2
  1137     0023  170E               	bsf	14,6	;volatile
  1138     0024                     i1l97:
  1139     0024  3001               	movlw	1
  1140     0025  00F9               	movwf	_ButtonTrigger
  1141     0026  3000               	movlw	0
  1142     0027  00FA               	movwf	_ButtonTrigger+1
  1143     0028  2833               	goto	i1l98
  1144     0029                     i1l776:
  1145                           
  1146                           ; Switch on 2 bytes has been partitioned into a top level switch of size 1, and 1 sub-sw
      +                          itches
  1147                           ; Switch size 1, requested type "simple"
  1148                           ; Number of cases is 1, Range of values is 0 to 0
  1149                           ; switch strategies available:
  1150                           ; Name         Instructions Cycles
  1151                           ; simple_byte            4     3 (average)
  1152                           ; direct_byte            8     6 (fixed)
  1153                           ; jumptable            260     6 (fixed)
  1154                           ;	Chosen strategy is simple_byte
  1155     0029  0877               	movf	_on+1,w
  1156     002A  3A00               	xorlw	0	; case 0
  1157     002B  1903               	skipnz
  1158     002C  282E               	goto	i1l972
  1159     002D  2833               	goto	i1l98
  1160     002E                     i1l972:
  1161                           
  1162                           ; Switch size 1, requested type "simple"
  1163                           ; Number of cases is 1, Range of values is 1 to 1
  1164                           ; switch strategies available:
  1165                           ; Name         Instructions Cycles
  1166                           ; simple_byte            4     3 (average)
  1167                           ; direct_byte           11     9 (fixed)
  1168                           ; jumptable            263     9 (fixed)
  1169                           ;	Chosen strategy is simple_byte
  1170     002E  0876               	movf	_on,w
  1171     002F  3A01               	xorlw	1	; case 1
  1172     0030  1903               	skipnz
  1173     0031  2807               	goto	i1l762
  1174     0032  2833               	goto	i1l98
  1175     0033                     i1l98:
  1176     0033  1C8B               	btfss	11,1	;volatile
  1177     0034  2836               	goto	u8_21
  1178     0035  2837               	goto	u8_20
  1179     0036                     u8_21:
  1180     0036  2857               	goto	i1l104
  1181     0037                     u8_20:
  1182     0037                     i1l778:
  1183     0037  3001               	movlw	1
  1184     0038  06F9               	xorwf	_ButtonTrigger,f
  1185     0039  3000               	movlw	0
  1186     003A  06FA               	xorwf	_ButtonTrigger+1,f
  1187     003B  284A               	goto	i1l790
  1188     003C                     i1l101:
  1189     003C  0021               	movlb	1	; select bank1
  1190     003D  1315               	bcf	21,6	;volatile
  1191     003E  108B               	bcf	11,1	;volatile
  1192     003F                     i1l780:
  1193     003F  3001               	movlw	1
  1194     0040  00F6               	movwf	_on
  1195     0041  3000               	movlw	0
  1196     0042  00F7               	movwf	_on+1
  1197     0043  2857               	goto	i1l104
  1198     0044                     i1l782:
  1199     0044  01F6               	clrf	_on
  1200     0045  01F7               	clrf	_on+1
  1201     0046                     i1l784:
  1202     0046  0021               	movlb	1	; select bank1
  1203     0047  1715               	bsf	21,6	;volatile
  1204     0048                     i1l786:
  1205     0048  108B               	bcf	11,1	;volatile
  1206     0049  2857               	goto	i1l104
  1207     004A                     i1l790:
  1208                           
  1209                           ; Switch on 2 bytes has been partitioned into a top level switch of size 1, and 1 sub-sw
      +                          itches
  1210                           ; Switch size 1, requested type "simple"
  1211                           ; Number of cases is 1, Range of values is 0 to 0
  1212                           ; switch strategies available:
  1213                           ; Name         Instructions Cycles
  1214                           ; simple_byte            4     3 (average)
  1215                           ; direct_byte            8     6 (fixed)
  1216                           ; jumptable            260     6 (fixed)
  1217                           ;	Chosen strategy is simple_byte
  1218     004A  087A               	movf	_ButtonTrigger+1,w
  1219     004B  3A00               	xorlw	0	; case 0
  1220     004C  1903               	skipnz
  1221     004D  284F               	goto	i1l974
  1222     004E  2857               	goto	i1l104
  1223     004F                     i1l974:
  1224                           
  1225                           ; Switch size 1, requested type "simple"
  1226                           ; Number of cases is 2, Range of values is 0 to 1
  1227                           ; switch strategies available:
  1228                           ; Name         Instructions Cycles
  1229                           ; simple_byte            7     4 (average)
  1230                           ; direct_byte           10     6 (fixed)
  1231                           ; jumptable            260     6 (fixed)
  1232                           ;	Chosen strategy is simple_byte
  1233     004F  0879               	movf	_ButtonTrigger,w
  1234     0050  3A00               	xorlw	0	; case 0
  1235     0051  1903               	skipnz
  1236     0052  283C               	goto	i1l101
  1237     0053  3A01               	xorlw	1	; case 1
  1238     0054  1903               	skipnz
  1239     0055  2844               	goto	i1l782
  1240     0056  2857               	goto	i1l104
  1241     0057                     i1l104:
  1242     0057  107E               	bcf	int$flags,0	;clear compiler interrupt flag (level 1)
  1243     0058  0009               	retfie
  1244     0059                     __end_of_isr:
  1245                           
  1246                           	psect	text6
  1247     00E0                     __ptext6:	
  1248 ;; *************** function _spi_transmit *****************
  1249 ;; Defined at:
  1250 ;;		line 25 in file "spi.c"
  1251 ;; Parameters:    Size  Location     Type
  1252 ;;  c               1    wreg     unsigned char 
  1253 ;; Auto vars:     Size  Location     Type
  1254 ;;  c               1    0[COMMON] unsigned char 
  1255 ;; Return value:  Size  Location     Type
  1256 ;;                  1    wreg      void 
  1257 ;; Registers used:
  1258 ;;		wreg
  1259 ;; Tracked objects:
  1260 ;;		On entry : 0/0
  1261 ;;		On exit  : 0/0
  1262 ;;		Unchanged: 0/0
  1263 ;; Data sizes:     COMMON   BANK0   BANK1   BANK2   BANK3   BANK4   BANK5   BANK6   BANK7   BANK8   BANK9  BANK10  BANK1
      +1  BANK12
  1264 ;;      Params:         0       0       0       0       0       0       0       0       0       0       0       0       
      +0       0
  1265 ;;      Locals:         1       0       0       0       0       0       0       0       0       0       0       0       
      +0       0
  1266 ;;      Temps:          0       0       0       0       0       0       0       0       0       0       0       0       
      +0       0
  1267 ;;      Totals:         1       0       0       0       0       0       0       0       0       0       0       0       
      +0       0
  1268 ;;Total ram usage:        1 bytes
  1269 ;; Hardware stack levels used: 1
  1270 ;; This function calls:
  1271 ;;		Nothing
  1272 ;; This function is called by:
  1273 ;;		_isr
  1274 ;; This function uses a non-reentrant model
  1275 ;;
  1276                           
  1277     00E0                     _spi_transmit:	
  1278                           ;psect for function _spi_transmit
  1279                           
  1280                           
  1281                           ;incstack = 0
  1282                           ; Regs used in _spi_transmit: [wreg]
  1283                           ;spi_transmit@c stored from wreg
  1284     00E0  00F0               	movwf	spi_transmit@c
  1285     00E1                     i1l744:
  1286                           
  1287                           ;spi.c: 25: void spi_transmit(char c);spi.c: 26: {;spi.c: 27:     SSP1BUF = c;
  1288     00E1  0870               	movf	spi_transmit@c,w
  1289     00E2  0024               	movlb	4	; select bank4
  1290     00E3  0091               	movwf	17	;volatile
  1291     00E4                     i1l27:
  1292     00E4  0008               	return
  1293     00E5                     __end_of_spi_transmit:
  1294                           
  1295                           	psect	text7
  1296     00D3                     __ptext7:	
  1297 ;; *************** function _spi_read *****************
  1298 ;; Defined at:
  1299 ;;		line 30 in file "spi.c"
  1300 ;; Parameters:    Size  Location     Type
  1301 ;;		None
  1302 ;; Auto vars:     Size  Location     Type
  1303 ;;		None
  1304 ;; Return value:  Size  Location     Type
  1305 ;;                  1    wreg      unsigned char 
  1306 ;; Registers used:
  1307 ;;		wreg
  1308 ;; Tracked objects:
  1309 ;;		On entry : 0/0
  1310 ;;		On exit  : 0/0
  1311 ;;		Unchanged: 0/0
  1312 ;; Data sizes:     COMMON   BANK0   BANK1   BANK2   BANK3   BANK4   BANK5   BANK6   BANK7   BANK8   BANK9  BANK10  BANK1
      +1  BANK12
  1313 ;;      Params:         0       0       0       0       0       0       0       0       0       0       0       0       
      +0       0
  1314 ;;      Locals:         0       0       0       0       0       0       0       0       0       0       0       0       
      +0       0
  1315 ;;      Temps:          0       0       0       0       0       0       0       0       0       0       0       0       
      +0       0
  1316 ;;      Totals:         0       0       0       0       0       0       0       0       0       0       0       0       
      +0       0
  1317 ;;Total ram usage:        0 bytes
  1318 ;; Hardware stack levels used: 1
  1319 ;; This function calls:
  1320 ;;		Nothing
  1321 ;; This function is called by:
  1322 ;;		_isr
  1323 ;; This function uses a non-reentrant model
  1324 ;;
  1325                           
  1326     00D3                     _spi_read:	
  1327                           ;psect for function _spi_read
  1328                           
  1329     00D3                     i1l746:	
  1330                           ;incstack = 0
  1331                           ; Regs used in _spi_read: [wreg]
  1332                           
  1333     00D3                     i1l30:	
  1334                           ;spi.c: 32:     while (!SSP1STATbits.BF);
  1335                           
  1336     00D3  0024               	movlb	4	; select bank4
  1337     00D4  1C14               	btfss	20,0	;volatile
  1338     00D5  28D7               	goto	u6_21
  1339     00D6  28D8               	goto	u6_20
  1340     00D7                     u6_21:
  1341     00D7  28D3               	goto	i1l30
  1342     00D8                     u6_20:
  1343     00D8                     i1l748:
  1344                           
  1345                           ;spi.c: 33:     return (SSP1BUF);
  1346     00D8  0811               	movf	17,w	;volatile
  1347     00D9                     i1l33:
  1348     00D9  0008               	return
  1349     00DA                     __end_of_spi_read:
  1350     007E                     btemp	set	126	;btemp
  1351     007E                     int$flags	set	126
  1352     007E                     wtemp0	set	126
  1353                           
  1354                           	psect	config
  1355                           
  1356                           ;Config register CONFIG1 @ 0x8007
  1357                           ;	Oscillator Selection
  1358                           ;	FOSC = 0x4, user specified literal
  1359                           ;	Watchdog Timer Enable
  1360                           ;	WDTE = 0x0, user specified literal
  1361                           ;	Power-up Timer Enable
  1362                           ;	PWRTE = 0x1, user specified literal
  1363                           ;	MCLR Pin Function Select
  1364                           ;	MCLRE = OFF, MCLR/VPP pin function is digital input
  1365                           ;	Flash Program Memory Code Protection
  1366                           ;	CP = OFF, Program memory code protection is disabled
  1367                           ;	Data Memory Code Protection
  1368                           ;	CPD = OFF, Data memory code protection is disabled
  1369                           ;	Brown-out Reset Enable
  1370                           ;	BOREN = ON, Brown-out Reset enabled
  1371                           ;	Clock Out Enable
  1372                           ;	CLKOUTEN = OFF, CLKOUT function is disabled. I/O or oscillator function on the CLKOUT 
      +                          pin
  1373                           ;	Internal/External Switchover
  1374                           ;	IESO = OFF, Internal/External Switchover mode is disabled
  1375                           ;	Fail-Safe Clock Monitor Enable
  1376                           ;	FCMEN = OFF, Fail-Safe Clock Monitor is disabled
  1377     8007                     	org	32775
  1378     8007  0FA4               	dw	4004
  1379                           
  1380                           ;Config register CONFIG2 @ 0x8008
  1381                           ;	Flash Memory Self-Write Protection
  1382                           ;	WRT = OFF, Write protection off
  1383                           ;	PLL Enable
  1384                           ;	PLLEN = OFF, 4x PLL disabled
  1385                           ;	Stack Overflow/Underflow Reset Enable
  1386                           ;	STVREN = OFF, Stack Overflow or Underflow will not cause a Reset
  1387                           ;	Brown-out Reset Voltage Selection
  1388                           ;	BORV = LO, Brown-out Reset Voltage (Vbor), low trip point selected.
  1389                           ;	In-Circuit Debugger Mode
  1390                           ;	DEBUG = 0x1, unprogrammed default
  1391                           ;	Low-Voltage Programming Enable
  1392                           ;	LVP = OFF, High-voltage on MCLR/VPP must be used for programming
  1393     8008                     	org	32776
  1394     8008  1CFF               	dw	7423

Data Sizes:
    Strings     0
    Constant    0
    Data        2
    BSS         3
    Persistent  32
    Stack       0

Auto Spaces:
    Space          Size  Autos    Used
    COMMON           14      6      11
    BANK0            80      1       1
    BANK1            80      0       0
    BANK2            80      0       0
    BANK3            80      0       0
    BANK4            80      0       0
    BANK5            80      0       0
    BANK6            80      0       0
    BANK7            80      0       0
    BANK8            80      0       0
    BANK9            80      0       0
    BANK10           80      0       0
    BANK11           80      0       0
    BANK12           48      0       0

Pointer List with Targets:

    None.

Critical Paths under _main in COMMON

    _pic_init->_spi_init

Critical Paths under _isr in COMMON

    _isr->_spi_transmit

Critical Paths under _main in BANK0

    _pic_init->_spi_init

Critical Paths under _isr in BANK0

    None.

Critical Paths under _main in BANK1

    None.

Critical Paths under _isr in BANK1

    None.

Critical Paths under _main in BANK2

    None.

Critical Paths under _isr in BANK2

    None.

Critical Paths under _main in BANK3

    None.

Critical Paths under _isr in BANK3

    None.

Critical Paths under _main in BANK4

    None.

Critical Paths under _isr in BANK4

    None.

Critical Paths under _main in BANK5

    None.

Critical Paths under _isr in BANK5

    None.

Critical Paths under _main in BANK6

    None.

Critical Paths under _isr in BANK6

    None.

Critical Paths under _main in BANK7

    None.

Critical Paths under _isr in BANK7

    None.

Critical Paths under _main in BANK8

    None.

Critical Paths under _isr in BANK8

    None.

Critical Paths under _main in BANK9

    None.

Critical Paths under _isr in BANK9

    None.

Critical Paths under _main in BANK10

    None.

Critical Paths under _isr in BANK10

    None.

Critical Paths under _main in BANK11

    None.

Critical Paths under _isr in BANK11

    None.

Critical Paths under _main in BANK12

    None.

Critical Paths under _isr in BANK12

    None.

Call Graph Tables:

 ---------------------------------------------------------------------------------
 (Depth) Function   	        Calls       Base Space   Used Autos Params    Refs
 ---------------------------------------------------------------------------------
 (0) _main                                                 0     0      0     487
                           _pic_init
 ---------------------------------------------------------------------------------
 (1) _pic_init                                             0     0      0     487
                          _init_gpio
                           _init_osc
                           _spi_init
 ---------------------------------------------------------------------------------
 (2) _spi_init                                             4     1      3     487
                                              3 COMMON     3     0      3
                                              0 BANK0      1     1      0
 ---------------------------------------------------------------------------------
 (2) _init_osc                                             0     0      0       0
 ---------------------------------------------------------------------------------
 (2) _init_gpio                                            0     0      0       0
 ---------------------------------------------------------------------------------
 Estimated maximum stack depth 2
 ---------------------------------------------------------------------------------
 (Depth) Function   	        Calls       Base Space   Used Autos Params    Refs
 ---------------------------------------------------------------------------------
 (3) _isr                                                  2     2      0      15
                                              1 COMMON     2     2      0
                           _spi_read
                       _spi_transmit
 ---------------------------------------------------------------------------------
 (4) _spi_transmit                                         1     1      0      15
                                              0 COMMON     1     1      0
 ---------------------------------------------------------------------------------
 (4) _spi_read                                             0     0      0       0
 ---------------------------------------------------------------------------------
 Estimated maximum stack depth 4
 ---------------------------------------------------------------------------------

 Call Graph Graphs:

 _main (ROOT)
   _pic_init
     _init_gpio
     _init_osc
     _spi_init

 _isr (ROOT)
   _spi_read
   _spi_transmit

 Address spaces:
Name               Size   Autos  Total    Cost      Usage
BIGRAM             3F0      0       0       0        0.0%
EEDATA             100      0       0       0        0.0%
NULL                 0      0       0       0        0.0%
CODE                 0      0       0       0        0.0%
BITCOMMON            E      0       0       1        0.0%
BITSFR0              0      0       0       1        0.0%
SFR0                 0      0       0       1        0.0%
COMMON               E      6       B       2       78.6%
BITSFR1              0      0       0       2        0.0%
SFR1                 0      0       0       2        0.0%
BITSFR2              0      0       0       3        0.0%
SFR2                 0      0       0       3        0.0%
STACK                0      0       0       3        0.0%
BITBANK0            50      0       0       4        0.0%
BITSFR3              0      0       0       4        0.0%
SFR3                 0      0       0       4        0.0%
BANK0               50      1       1       5        1.2%
BITSFR4              0      0       0       5        0.0%
SFR4                 0      0       0       5        0.0%
BITBANK1            50      0       0       6        0.0%
BITSFR5              0      0       0       6        0.0%
SFR5                 0      0       0       6        0.0%
BANK1               50      0       0       7        0.0%
BITSFR6              0      0       0       7        0.0%
SFR6                 0      0       0       7        0.0%
BITBANK2            50      0       0       8        0.0%
BITSFR7              0      0       0       8        0.0%
SFR7                 0      0       0       8        0.0%
BANK2               50      0       0       9        0.0%
BITSFR8              0      0       0       9        0.0%
SFR8                 0      0       0       9        0.0%
BITBANK3            50      0       0      10        0.0%
BITSFR9              0      0       0      10        0.0%
SFR9                 0      0       0      10        0.0%
BANK3               50      0       0      11        0.0%
BITSFR10             0      0       0      11        0.0%
SFR10                0      0       0      11        0.0%
BITBANK4            50      0       0      12        0.0%
BITSFR11             0      0       0      12        0.0%
SFR11                0      0       0      12        0.0%
BANK4               50      0       0      13        0.0%
BITSFR12             0      0       0      13        0.0%
SFR12                0      0       0      13        0.0%
BITBANK5            50      0       0      14        0.0%
BITSFR13             0      0       0      14        0.0%
SFR13                0      0       0      14        0.0%
BANK5               50      0       0      15        0.0%
BITSFR14             0      0       0      15        0.0%
SFR14                0      0       0      15        0.0%
BITBANK6            50      0       0      16        0.0%
BITSFR15             0      0       0      16        0.0%
SFR15                0      0       0      16        0.0%
BANK6               50      0       0      17        0.0%
BITSFR16             0      0       0      17        0.0%
SFR16                0      0       0      17        0.0%
BITBANK7            50      0       0      18        0.0%
BITSFR17             0      0       0      18        0.0%
SFR17                0      0       0      18        0.0%
BANK7               50      0       0      19        0.0%
BITSFR18             0      0       0      19        0.0%
SFR18                0      0       0      19        0.0%
BITSFR19             0      0       0      20        0.0%
SFR19                0      0       0      20        0.0%
ABS                  0      0       C      20        0.0%
BITBANK8            50      0       0      21        0.0%
BITSFR20             0      0       0      21        0.0%
SFR20                0      0       0      21        0.0%
BANK8               50      0       0      22        0.0%
BITSFR21             0      0       0      22        0.0%
SFR21                0      0       0      22        0.0%
BITBANK9            50      0       0      23        0.0%
BITSFR22             0      0       0      23        0.0%
SFR22                0      0       0      23        0.0%
BANK9               50      0       0      24        0.0%
BITSFR23             0      0       0      24        0.0%
SFR23                0      0       0      24        0.0%
BITBANK10           50      0       0      25        0.0%
BITSFR24             0      0       0      25        0.0%
SFR24                0      0       0      25        0.0%
BANK10              50      0       0      26        0.0%
BITSFR25             0      0       0      26        0.0%
SFR25                0      0       0      26        0.0%
BITBANK11           50      0       0      27        0.0%
BITSFR26             0      0       0      27        0.0%
SFR26                0      0       0      27        0.0%
BANK11              50      0       0      28        0.0%
BITSFR27             0      0       0      28        0.0%
SFR27                0      0       0      28        0.0%
BITBANK12           30      0       0      29        0.0%
BITSFR28             0      0       0      29        0.0%
SFR28                0      0       0      29        0.0%
BANK12              30      0       0      30        0.0%
BITSFR29             0      0       0      30        0.0%
SFR29                0      0       0      30        0.0%
BITSFR30             0      0       0      31        0.0%
SFR30                0      0       0      31        0.0%
DATA                 0      0       C      31        0.0%
BITSFR31             0      0       0      32        0.0%
SFR31                0      0       0      32        0.0%


Microchip Technology PIC Macro Assembler V2.45 build 20230818022343 
Symbol Table                                                                                   Tue Nov 21 19:12:21 2023

                     l22 00A9                       l24 00B0                       l90 00C9  
                     l84 00BE                       l78 00DD                       l87 00D2  
                     l79 00DD   spi_init@mst_slv_oscdiv 0020                       _on 0076  
                    l730 00CA                      l740 00C7                      l732 00D1  
                    l742 00C8                      l734 00BF                      l910 0076  
                    l736 00C3                      l920 00A1                      l912 007D  
                    l738 00C5                      l922 00AF                      l914 0083  
                    l906 006C                      l930 00DA                      l916 0095  
                    l908 0074                      l924 00B1                      l918 009B  
                    l926 00B4                      l928 00B7                      _GIE 005F  
                    u140 007D                      u141 007C                      u150 0083  
                    u151 0082                      u160 008E                      u161 008B  
                    u180 009B                      u181 009A                      u174 0090  
                    _isr 0004                      wreg 0009                     ?_isr 0070  
                   _PEIE 005E                     _INTE 005C                     i1l30 00D3  
                   i1l33 00D9                     i1l27 00E4                     i1l97 0024  
                   i1l98 0033                     u6_20 00D8                     u6_21 00D7  
                   u7_20 0015                     u7_21 0014                     u8_20 0037  
                   u8_21 0036                     _main 00DA                     btemp 007E  
                   start 0059                    ??_isr 0071      spi_init@sdo_tx_edge 0075  
                  ?_main 0070                    i1l101 003C                    i1l104 0057  
                  i1l744 00E1                    i1l760 0006                    i1l746 00D3  
                  i1l770 0017                    i1l762 0007                    i1l748 00D8  
                  i1l780 003F                    i1l772 0022                    i1l764 000B  
                  i1l782 0044                    i1l790 004A                    i1l766 000F  
                  i1l784 0046                    i1l768 0015                    i1l776 0029  
                  i1l786 0048                    i1l778 0037                    i1l972 002E  
                  i1l974 004F                    u19_27 001C                    status 0003  
                  wtemp0 007E          __initialization 005B             __end_of_main 00E0  
          _ButtonTrigger 0079                   ??_main 0076                   _ANSELA 018C  
                 _ANSELB 018D                   _ANSELC 018E         __end_of_init_osc 00D3  
       __end_of_pic_init 00BF            spi_transmit@c 0070             __pdataCOMMON 0079  
       __end_of_spi_init 00B1         __end_of_spi_read 00DA  __end_of__initialization 0066  
         __pcstackCOMMON 0070           _OPTION_REGbits 0095               __pmaintext 00DA  
             __pintentry 0004                  _SSP1BUF 0211                ?_init_osc 0070  
              ?_pic_init 0070                ?_spi_init 0073                ?_spi_read 0070  
                __ptext1 00B1                  __ptext2 006A                  __ptext3 00CA  
                __ptext4 00BF                  __ptext6 00E0                  __ptext7 00D3  
      __end_of_init_gpio 00CA     end_of_initialization 0066               ??_init_osc 0073  
             ??_pic_init 0076               ??_spi_init 0076               ??_spi_read 0070  
              _PORTBbits 000D               _spi_buffer 0078                _TRISBbits 008D  
              _TRISCbits 008E            ?_spi_transmit 0070       spi_init@sdi_rx_smp 0073  
          __pidataCOMMON 00E5      start_initialization 005B              __end_of_isr 0059  
         ??_spi_transmit 0070              __pbssCOMMON 0076                ___latbits 0002  
          __pcstackBANK0 0020                _init_gpio 00BF        spi_init@clock_pol 0074  
               _LATCbits 010E                 _PIE1bits 0091     __end_of_spi_transmit 00E5  
             ?_init_gpio 0070             _SSP1CON1bits 0215                 _init_osc 00CA  
               _pic_init 00B1                 _spi_init 006A                 _spi_read 00D3  
               int$flags 007E             _SSP1STATbits 0214               _INTCONbits 000B  
            ??_init_gpio 0073                 intlevel1 0000               _OSCCONbits 0099  
           _spi_transmit 00E0  
