

Microchip MPLAB XC8 Assembler V2.45 build 20230818022343 
                                                                                               Wed Sep 13 14:34:46 2023

Microchip MPLAB XC8 C Compiler v2.45 (Free license) build 20230818022343 Og1 
     1                           	processor	16F1829
     2                           	pagewidth 120
     3                           	opt	flic
     4                           	psect	cinit,global,class=CODE,merge=1,delta=2
     5                           	psect	cstackCOMMON,global,class=COMMON,space=1,delta=1,noexec
     6                           	psect	maintext,global,class=CODE,merge=1,split=1,delta=2
     7                           	psect	text1,local,class=CODE,merge=1,delta=2
     8                           	psect	text2,local,class=CODE,merge=1,delta=2
     9                           	psect	text3,local,class=CODE,merge=1,delta=2
    10                           	psect	text4,local,class=CODE,merge=1,delta=2
    11                           	psect	config,global,abs,ovrld,class=CONFIG,space=4,delta=2,noexec
    12                           	dabs	1,0x7E,2
    13     0000                     
    14                           ; Generated 06/07/2023 GMT
    15                           ; 
    16                           ; Copyright © 2023, Microchip Technology Inc. and its subsidiaries ("Microchip")
    17                           ; All rights reserved.
    18                           ; 
    19                           ; This software is developed by Microchip Technology Inc. and its subsidiaries ("Microch
      +                          ip").
    20                           ; 
    21                           ; Redistribution and use in source and binary forms, with or without modification, are
    22                           ; permitted provided that the following conditions are met:
    23                           ; 
    24                           ;     1. Redistributions of source code must retain the above copyright notice, this lis
      +                          t of
    25                           ;        conditions and the following disclaimer.
    26                           ; 
    27                           ;     2. Redistributions in binary form must reproduce the above copyright notice, this 
      +                          list
    28                           ;        of conditions and the following disclaimer in the documentation and/or other
    29                           ;        materials provided with the distribution. Publication is not required when
    30                           ;        this file is used in an embedded application.
    31                           ; 
    32                           ;     3. Microchip's name may not be used to endorse or promote products derived from th
      +                          is
    33                           ;        software without specific prior written permission.
    34                           ; 
    35                           ; THIS SOFTWARE IS PROVIDED BY MICROCHIP "AS IS" AND ANY EXPRESS OR IMPLIED WARRANTIES,
    36                           ; INCLUDING, BUT NOT LIMITED TO, THE IMPLIED WARRANTIES OF MERCHANTABILITY AND FITNESS F
      +                          OR
    37                           ; PURPOSE ARE DISCLAIMED.  IN NO EVENT SHALL MICROCHIP BE LIABLE FOR ANY DIRECT, INDIREC
      +                          T,
    38                           ; INCIDENTAL, SPECIAL, EXEMPLARY, OR CONSEQUENTIAL DAMAGES (INCLUDING BUT NOT LIMITED TO
    39                           ; PROCUREMENT OF SUBSTITUTE GOODS OR SERVICES; LOSS OF USE, DATA OR PROFITS; OR BUSINESS
    40                           ; INTERRUPTION) HOWSOEVER CAUSED AND ON ANY THEORY OF LIABILITY, WHETHER IN CONTRACT, ST
      +                          RICT
    41                           ; LIABILITY, OR TORT (INCLUDING NEGLIGENCE OR OTHERWISE) ARISING IN ANY WAY OUT OF THE U
      +                          SE OF
    42                           ; THIS SOFTWARE, EVEN IF ADVISED OF THE POSSIBILITY OF SUCH DAMAGE.
    43                           ; 
    44                           ; 
    45                           ; Code-generator required, PIC16F1829 Definitions
    46                           ; 
    47                           ; SFR Addresses
    48     0000                     	;# 
    49     0001                     	;# 
    50     0002                     	;# 
    51     0003                     	;# 
    52     0004                     	;# 
    53     0005                     	;# 
    54     0006                     	;# 
    55     0007                     	;# 
    56     0008                     	;# 
    57     0009                     	;# 
    58     000A                     	;# 
    59     000B                     	;# 
    60     000C                     	;# 
    61     000D                     	;# 
    62     000E                     	;# 
    63     0011                     	;# 
    64     0012                     	;# 
    65     0013                     	;# 
    66     0014                     	;# 
    67     0015                     	;# 
    68     0016                     	;# 
    69     0016                     	;# 
    70     0017                     	;# 
    71     0018                     	;# 
    72     0019                     	;# 
    73     001A                     	;# 
    74     001B                     	;# 
    75     001C                     	;# 
    76     001E                     	;# 
    77     001F                     	;# 
    78     008C                     	;# 
    79     008D                     	;# 
    80     008E                     	;# 
    81     0091                     	;# 
    82     0092                     	;# 
    83     0093                     	;# 
    84     0094                     	;# 
    85     0095                     	;# 
    86     0096                     	;# 
    87     0097                     	;# 
    88     0098                     	;# 
    89     0099                     	;# 
    90     009A                     	;# 
    91     009B                     	;# 
    92     009B                     	;# 
    93     009C                     	;# 
    94     009D                     	;# 
    95     009E                     	;# 
    96     010C                     	;# 
    97     010D                     	;# 
    98     010E                     	;# 
    99     0111                     	;# 
   100     0112                     	;# 
   101     0113                     	;# 
   102     0114                     	;# 
   103     0115                     	;# 
   104     0116                     	;# 
   105     0117                     	;# 
   106     0118                     	;# 
   107     0119                     	;# 
   108     011A                     	;# 
   109     011B                     	;# 
   110     011D                     	;# 
   111     011E                     	;# 
   112     018C                     	;# 
   113     018D                     	;# 
   114     018E                     	;# 
   115     0191                     	;# 
   116     0191                     	;# 
   117     0192                     	;# 
   118     0193                     	;# 
   119     0193                     	;# 
   120     0193                     	;# 
   121     0194                     	;# 
   122     0195                     	;# 
   123     0196                     	;# 
   124     0199                     	;# 
   125     019A                     	;# 
   126     019B                     	;# 
   127     019B                     	;# 
   128     019C                     	;# 
   129     019D                     	;# 
   130     019E                     	;# 
   131     019F                     	;# 
   132     020C                     	;# 
   133     020D                     	;# 
   134     020E                     	;# 
   135     0211                     	;# 
   136     0211                     	;# 
   137     0212                     	;# 
   138     0212                     	;# 
   139     0213                     	;# 
   140     0213                     	;# 
   141     0214                     	;# 
   142     0214                     	;# 
   143     0215                     	;# 
   144     0215                     	;# 
   145     0215                     	;# 
   146     0216                     	;# 
   147     0216                     	;# 
   148     0217                     	;# 
   149     0217                     	;# 
   150     0219                     	;# 
   151     021A                     	;# 
   152     021B                     	;# 
   153     021C                     	;# 
   154     021D                     	;# 
   155     021E                     	;# 
   156     021F                     	;# 
   157     0291                     	;# 
   158     0291                     	;# 
   159     0292                     	;# 
   160     0293                     	;# 
   161     0294                     	;# 
   162     0295                     	;# 
   163     0295                     	;# 
   164     0296                     	;# 
   165     0298                     	;# 
   166     0298                     	;# 
   167     0299                     	;# 
   168     029A                     	;# 
   169     029B                     	;# 
   170     029C                     	;# 
   171     029D                     	;# 
   172     029E                     	;# 
   173     029E                     	;# 
   174     0311                     	;# 
   175     0311                     	;# 
   176     0312                     	;# 
   177     0313                     	;# 
   178     0318                     	;# 
   179     0318                     	;# 
   180     0319                     	;# 
   181     031A                     	;# 
   182     038C                     	;# 
   183     038D                     	;# 
   184     038E                     	;# 
   185     0391                     	;# 
   186     0392                     	;# 
   187     0393                     	;# 
   188     0394                     	;# 
   189     0395                     	;# 
   190     0396                     	;# 
   191     039A                     	;# 
   192     039C                     	;# 
   193     039D                     	;# 
   194     039E                     	;# 
   195     039F                     	;# 
   196     0415                     	;# 
   197     0416                     	;# 
   198     0417                     	;# 
   199     041C                     	;# 
   200     041D                     	;# 
   201     041E                     	;# 
   202     0FE4                     	;# 
   203     0FE5                     	;# 
   204     0FE6                     	;# 
   205     0FE7                     	;# 
   206     0FE8                     	;# 
   207     0FE9                     	;# 
   208     0FEA                     	;# 
   209     0FEB                     	;# 
   210     0FED                     	;# 
   211     0FEE                     	;# 
   212     0FEF                     	;# 
   213     0000                     	;# 
   214     0001                     	;# 
   215     0002                     	;# 
   216     0003                     	;# 
   217     0004                     	;# 
   218     0005                     	;# 
   219     0006                     	;# 
   220     0007                     	;# 
   221     0008                     	;# 
   222     0009                     	;# 
   223     000A                     	;# 
   224     000B                     	;# 
   225     000C                     	;# 
   226     000D                     	;# 
   227     000E                     	;# 
   228     0011                     	;# 
   229     0012                     	;# 
   230     0013                     	;# 
   231     0014                     	;# 
   232     0015                     	;# 
   233     0016                     	;# 
   234     0016                     	;# 
   235     0017                     	;# 
   236     0018                     	;# 
   237     0019                     	;# 
   238     001A                     	;# 
   239     001B                     	;# 
   240     001C                     	;# 
   241     001E                     	;# 
   242     001F                     	;# 
   243     008C                     	;# 
   244     008D                     	;# 
   245     008E                     	;# 
   246     0091                     	;# 
   247     0092                     	;# 
   248     0093                     	;# 
   249     0094                     	;# 
   250     0095                     	;# 
   251     0096                     	;# 
   252     0097                     	;# 
   253     0098                     	;# 
   254     0099                     	;# 
   255     009A                     	;# 
   256     009B                     	;# 
   257     009B                     	;# 
   258     009C                     	;# 
   259     009D                     	;# 
   260     009E                     	;# 
   261     010C                     	;# 
   262     010D                     	;# 
   263     010E                     	;# 
   264     0111                     	;# 
   265     0112                     	;# 
   266     0113                     	;# 
   267     0114                     	;# 
   268     0115                     	;# 
   269     0116                     	;# 
   270     0117                     	;# 
   271     0118                     	;# 
   272     0119                     	;# 
   273     011A                     	;# 
   274     011B                     	;# 
   275     011D                     	;# 
   276     011E                     	;# 
   277     018C                     	;# 
   278     018D                     	;# 
   279     018E                     	;# 
   280     0191                     	;# 
   281     0191                     	;# 
   282     0192                     	;# 
   283     0193                     	;# 
   284     0193                     	;# 
   285     0193                     	;# 
   286     0194                     	;# 
   287     0195                     	;# 
   288     0196                     	;# 
   289     0199                     	;# 
   290     019A                     	;# 
   291     019B                     	;# 
   292     019B                     	;# 
   293     019C                     	;# 
   294     019D                     	;# 
   295     019E                     	;# 
   296     019F                     	;# 
   297     020C                     	;# 
   298     020D                     	;# 
   299     020E                     	;# 
   300     0211                     	;# 
   301     0211                     	;# 
   302     0212                     	;# 
   303     0212                     	;# 
   304     0213                     	;# 
   305     0213                     	;# 
   306     0214                     	;# 
   307     0214                     	;# 
   308     0215                     	;# 
   309     0215                     	;# 
   310     0215                     	;# 
   311     0216                     	;# 
   312     0216                     	;# 
   313     0217                     	;# 
   314     0217                     	;# 
   315     0219                     	;# 
   316     021A                     	;# 
   317     021B                     	;# 
   318     021C                     	;# 
   319     021D                     	;# 
   320     021E                     	;# 
   321     021F                     	;# 
   322     0291                     	;# 
   323     0291                     	;# 
   324     0292                     	;# 
   325     0293                     	;# 
   326     0294                     	;# 
   327     0295                     	;# 
   328     0295                     	;# 
   329     0296                     	;# 
   330     0298                     	;# 
   331     0298                     	;# 
   332     0299                     	;# 
   333     029A                     	;# 
   334     029B                     	;# 
   335     029C                     	;# 
   336     029D                     	;# 
   337     029E                     	;# 
   338     029E                     	;# 
   339     0311                     	;# 
   340     0311                     	;# 
   341     0312                     	;# 
   342     0313                     	;# 
   343     0318                     	;# 
   344     0318                     	;# 
   345     0319                     	;# 
   346     031A                     	;# 
   347     038C                     	;# 
   348     038D                     	;# 
   349     038E                     	;# 
   350     0391                     	;# 
   351     0392                     	;# 
   352     0393                     	;# 
   353     0394                     	;# 
   354     0395                     	;# 
   355     0396                     	;# 
   356     039A                     	;# 
   357     039C                     	;# 
   358     039D                     	;# 
   359     039E                     	;# 
   360     039F                     	;# 
   361     0415                     	;# 
   362     0416                     	;# 
   363     0417                     	;# 
   364     041C                     	;# 
   365     041D                     	;# 
   366     041E                     	;# 
   367     0FE4                     	;# 
   368     0FE5                     	;# 
   369     0FE6                     	;# 
   370     0FE7                     	;# 
   371     0FE8                     	;# 
   372     0FE9                     	;# 
   373     0FEA                     	;# 
   374     0FEB                     	;# 
   375     0FED                     	;# 
   376     0FEE                     	;# 
   377     0FEF                     	;# 
   378     000C                     _PORTAbits	set	12
   379     008C                     _TRISAbits	set	140
   380     008E                     _TRISCbits	set	142
   381     0099                     _OSCCONbits	set	153
   382     010E                     _LATCbits	set	270
   383     018C                     _ANSELAbits	set	396
   384                           
   385                           	psect	cinit
   386     07FD                     start_initialization:	
   387                           ; #config settings
   388                           
   389     07FD                     __initialization:
   390     07FD                     end_of_initialization:	
   391                           ;End of C runtime variable initialization code
   392                           
   393     07FD                     __end_of__initialization:
   394     07FD  0020               	movlb	0
   395     07FE  3187  2FCC         	ljmp	_main	;jump to C main() function
   396                           
   397                           	psect	cstackCOMMON
   398     0070                     __pcstackCOMMON:
   399     0070                     ?_pic_init:
   400     0070                     ??_pic_init:	
   401                           ; 1 bytes @ 0x0
   402                           
   403     0070                     ?_led_blink:	
   404                           ; 1 bytes @ 0x0
   405                           
   406     0070                     ?_init_osc:	
   407                           ; 1 bytes @ 0x0
   408                           
   409     0070                     ??_init_osc:	
   410                           ; 1 bytes @ 0x0
   411                           
   412     0070                     ?_init_gpio:	
   413                           ; 1 bytes @ 0x0
   414                           
   415     0070                     ??_init_gpio:	
   416                           ; 1 bytes @ 0x0
   417                           
   418     0070                     ?_main:	
   419                           ; 1 bytes @ 0x0
   420                           
   421     0070                     led_blink@counter:	
   422                           ; 1 bytes @ 0x0
   423                           
   424                           
   425                           ; 2 bytes @ 0x0
   426     0070                     	ds	2
   427     0072                     ??_led_blink:
   428                           
   429                           ; 1 bytes @ 0x2
   430     0072                     	ds	1
   431     0073                     led_blink@i:
   432                           
   433                           ; 2 bytes @ 0x3
   434     0073                     	ds	2
   435     0075                     ??_main:
   436                           
   437                           ; 1 bytes @ 0x5
   438     0075                     	ds	2
   439     0077                     main@counter:
   440                           
   441                           ; 2 bytes @ 0x7
   442     0077                     	ds	2
   443                           
   444                           	psect	maintext
   445     07CC                     __pmaintext:	
   446 ;;
   447 ;;Main: autosize = 0, tempsize = 2, incstack = 0, save=0
   448 ;;
   449 ;; *************** function _main *****************
   450 ;; Defined at:
   451 ;;		line 68 in file "newmain.c"
   452 ;; Parameters:    Size  Location     Type
   453 ;;		None
   454 ;; Auto vars:     Size  Location     Type
   455 ;;  counter         2    7[COMMON] int 
   456 ;; Return value:  Size  Location     Type
   457 ;;                  1    wreg      void 
   458 ;; Registers used:
   459 ;;		wreg, fsr0l, fsr0h, status,2, status,0, pclath, cstack
   460 ;; Tracked objects:
   461 ;;		On entry : B1F/0
   462 ;;		On exit  : 0/0
   463 ;;		Unchanged: 0/0
   464 ;; Data sizes:     COMMON   BANK0   BANK1   BANK2   BANK3   BANK4   BANK5   BANK6   BANK7   BANK8   BANK9  BANK10  BANK1
      +1  BANK12
   465 ;;      Params:         0       0       0       0       0       0       0       0       0       0       0       0       
      +0       0
   466 ;;      Locals:         2       0       0       0       0       0       0       0       0       0       0       0       
      +0       0
   467 ;;      Temps:          2       0       0       0       0       0       0       0       0       0       0       0       
      +0       0
   468 ;;      Totals:         4       0       0       0       0       0       0       0       0       0       0       0       
      +0       0
   469 ;;Total ram usage:        4 bytes
   470 ;; Hardware stack levels required when called: 2
   471 ;; This function calls:
   472 ;;		_led_blink
   473 ;;		_pic_init
   474 ;; This function is called by:
   475 ;;		Startup code after reset
   476 ;; This function uses a non-reentrant model
   477 ;;
   478                           
   479     07CC                     _main:	
   480                           ;psect for function _main
   481                           
   482     07CC                     l731:	
   483                           ;incstack = 0
   484                           ; Regs used in _main: [wreg-fsr0h+status,2+status,0+pclath+cstack]
   485                           
   486                           
   487                           ;newmain.c: 71:     pic_init();
   488     07CC  3187  278A  3187   	fcall	_pic_init
   489     07CF                     l733:
   490                           
   491                           ;newmain.c: 72:     int counter = 0;
   492     07CF  01F7               	clrf	main@counter
   493     07D0  01F8               	clrf	main@counter+1
   494     07D1  2FEB               	goto	l745
   495     07D2                     l735:
   496                           
   497                           ;newmain.c: 79:                 counter++;
   498     07D2  3001               	movlw	1
   499     07D3  07F7               	addwf	main@counter,f
   500     07D4  3000               	movlw	0
   501     07D5  3DF8               	addwfc	main@counter+1,f
   502     07D6                     l737:
   503                           
   504                           ;newmain.c: 80:                 led_blink(counter);
   505     07D6  0878               	movf	main@counter+1,w
   506     07D7  00F1               	movwf	led_blink@counter+1
   507     07D8  0877               	movf	main@counter,w
   508     07D9  00F0               	movwf	led_blink@counter
   509     07DA  3187  27A2  3187   	fcall	_led_blink
   510     07DD                     l739:
   511                           
   512                           ;newmain.c: 81:                 if (counter > 9)
   513     07DD  0878               	movf	main@counter+1,w
   514     07DE  3A80               	xorlw	128
   515     07DF  00F5               	movwf	??_main
   516     07E0  3080               	movlw	128
   517     07E1  0275               	subwf	??_main,w
   518     07E2  1D03               	skipz
   519     07E3  2FE6               	goto	u45
   520     07E4  300A               	movlw	10
   521     07E5  0277               	subwf	main@counter,w
   522     07E6                     u45:
   523     07E6  1C03               	skipc
   524     07E7  2FE9               	goto	u41
   525     07E8  2FEA               	goto	u40
   526     07E9                     u41:
   527     07E9  2FEB               	goto	l28
   528     07EA                     u40:
   529     07EA  2FCF               	goto	l733
   530     07EB                     l28:
   531     07EB                     l745:
   532     07EB  0020               	movlb	0	; select bank0
   533     07EC  0C0C               	rrf	12,w	;volatile
   534     07ED  0C89               	rrf	9,f
   535     07EE  3901               	andlw	1
   536     07EF  00F5               	movwf	??_main
   537     07F0  01F6               	clrf	??_main+1
   538                           
   539                           ; Switch on 2 bytes has been partitioned into a top level switch of size 1, and 1 sub-sw
      +                          itches
   540                           ; Switch size 1, requested type "simple"
   541                           ; Number of cases is 1, Range of values is 0 to 0
   542                           ; switch strategies available:
   543                           ; Name         Instructions Cycles
   544                           ; simple_byte            4     3 (average)
   545                           ; direct_byte            8     6 (fixed)
   546                           ; jumptable            260     6 (fixed)
   547                           ;	Chosen strategy is simple_byte
   548     07F1  0876               	movf	??_main+1,w
   549     07F2  3A00               	xorlw	0	; case 0
   550     07F3  1903               	skipnz
   551     07F4  2FF6               	goto	l783
   552     07F5  2FEB               	goto	l745
   553     07F6                     l783:
   554                           
   555                           ; Switch size 1, requested type "simple"
   556                           ; Number of cases is 1, Range of values is 0 to 0
   557                           ; switch strategies available:
   558                           ; Name         Instructions Cycles
   559                           ; simple_byte            4     3 (average)
   560                           ; direct_byte            8     6 (fixed)
   561                           ; jumptable            260     6 (fixed)
   562                           ;	Chosen strategy is simple_byte
   563     07F6  0875               	movf	??_main,w
   564     07F7  3A00               	xorlw	0	; case 0
   565     07F8  1903               	skipnz
   566     07F9  2FD2               	goto	l735
   567     07FA  2FEB               	goto	l745
   568     07FB  3180  2803         	ljmp	start
   569     07FD                     __end_of_main:
   570                           
   571                           	psect	text1
   572     078A                     __ptext1:	
   573 ;; *************** function _pic_init *****************
   574 ;; Defined at:
   575 ;;		line 96 in file "newmain.c"
   576 ;; Parameters:    Size  Location     Type
   577 ;;		None
   578 ;; Auto vars:     Size  Location     Type
   579 ;;		None
   580 ;; Return value:  Size  Location     Type
   581 ;;                  1    wreg      void 
   582 ;; Registers used:
   583 ;;		wreg, status,2, status,0, pclath, cstack
   584 ;; Tracked objects:
   585 ;;		On entry : 0/0
   586 ;;		On exit  : 0/0
   587 ;;		Unchanged: 0/0
   588 ;; Data sizes:     COMMON   BANK0   BANK1   BANK2   BANK3   BANK4   BANK5   BANK6   BANK7   BANK8   BANK9  BANK10  BANK1
      +1  BANK12
   589 ;;      Params:         0       0       0       0       0       0       0       0       0       0       0       0       
      +0       0
   590 ;;      Locals:         0       0       0       0       0       0       0       0       0       0       0       0       
      +0       0
   591 ;;      Temps:          0       0       0       0       0       0       0       0       0       0       0       0       
      +0       0
   592 ;;      Totals:         0       0       0       0       0       0       0       0       0       0       0       0       
      +0       0
   593 ;;Total ram usage:        0 bytes
   594 ;; Hardware stack levels used: 1
   595 ;; Hardware stack levels required when called: 1
   596 ;; This function calls:
   597 ;;		_init_gpio
   598 ;;		_init_osc
   599 ;; This function is called by:
   600 ;;		_main
   601 ;; This function uses a non-reentrant model
   602 ;;
   603                           
   604     078A                     _pic_init:	
   605                           ;psect for function _pic_init
   606                           
   607     078A                     l663:	
   608                           ;incstack = 0
   609                           ; Regs used in _pic_init: [wreg+status,2+status,0+pclath+cstack]
   610                           
   611                           
   612                           ;newmain.c: 98:     init_osc();
   613     078A  3187  2799  3187   	fcall	_init_osc
   614     078D                     l665:
   615                           
   616                           ;newmain.c: 99:     init_gpio();
   617     078D  3187  2791  3187   	fcall	_init_gpio
   618     0790                     l37:
   619     0790  0008               	return
   620     0791                     __end_of_pic_init:
   621                           
   622                           	psect	text2
   623     0799                     __ptext2:	
   624 ;; *************** function _init_osc *****************
   625 ;; Defined at:
   626 ;;		line 102 in file "newmain.c"
   627 ;; Parameters:    Size  Location     Type
   628 ;;		None
   629 ;; Auto vars:     Size  Location     Type
   630 ;;		None
   631 ;; Return value:  Size  Location     Type
   632 ;;                  1    wreg      void 
   633 ;; Registers used:
   634 ;;		wreg, status,2, status,0
   635 ;; Tracked objects:
   636 ;;		On entry : 0/0
   637 ;;		On exit  : 0/0
   638 ;;		Unchanged: 0/0
   639 ;; Data sizes:     COMMON   BANK0   BANK1   BANK2   BANK3   BANK4   BANK5   BANK6   BANK7   BANK8   BANK9  BANK10  BANK1
      +1  BANK12
   640 ;;      Params:         0       0       0       0       0       0       0       0       0       0       0       0       
      +0       0
   641 ;;      Locals:         0       0       0       0       0       0       0       0       0       0       0       0       
      +0       0
   642 ;;      Temps:          0       0       0       0       0       0       0       0       0       0       0       0       
      +0       0
   643 ;;      Totals:         0       0       0       0       0       0       0       0       0       0       0       0       
      +0       0
   644 ;;Total ram usage:        0 bytes
   645 ;; Hardware stack levels used: 1
   646 ;; This function calls:
   647 ;;		Nothing
   648 ;; This function is called by:
   649 ;;		_pic_init
   650 ;; This function uses a non-reentrant model
   651 ;;
   652                           
   653     0799                     _init_osc:	
   654                           ;psect for function _init_osc
   655                           
   656     0799                     l657:	
   657                           ;incstack = 0
   658                           ; Regs used in _init_osc: [wreg+status,2+status,0]
   659                           
   660                           
   661                           ;newmain.c: 106:     OSCCONbits.SCS = 0b00;
   662     0799  30FC               	movlw	-4
   663     079A  0021               	movlb	1	; select bank1
   664     079B  0599               	andwf	25,f	;volatile
   665                           
   666                           ;newmain.c: 108:     OSCCONbits.IRCF = 0b0111;
   667     079C  0819               	movf	25,w	;volatile
   668     079D  3987               	andlw	-121
   669     079E  3838               	iorlw	56
   670     079F  0099               	movwf	25	;volatile
   671     07A0                     l659:
   672                           
   673                           ;newmain.c: 110:     OSCCONbits.SPLLEN = 0b0;
   674     07A0  1399               	bcf	25,7	;volatile
   675     07A1                     l40:
   676     07A1  0008               	return
   677     07A2                     __end_of_init_osc:
   678                           
   679                           	psect	text3
   680     0791                     __ptext3:	
   681 ;; *************** function _init_gpio *****************
   682 ;; Defined at:
   683 ;;		line 115 in file "newmain.c"
   684 ;; Parameters:    Size  Location     Type
   685 ;;		None
   686 ;; Auto vars:     Size  Location     Type
   687 ;;		None
   688 ;; Return value:  Size  Location     Type
   689 ;;                  1    wreg      void 
   690 ;; Registers used:
   691 ;;		None
   692 ;; Tracked objects:
   693 ;;		On entry : 0/0
   694 ;;		On exit  : 0/0
   695 ;;		Unchanged: 0/0
   696 ;; Data sizes:     COMMON   BANK0   BANK1   BANK2   BANK3   BANK4   BANK5   BANK6   BANK7   BANK8   BANK9  BANK10  BANK1
      +1  BANK12
   697 ;;      Params:         0       0       0       0       0       0       0       0       0       0       0       0       
      +0       0
   698 ;;      Locals:         0       0       0       0       0       0       0       0       0       0       0       0       
      +0       0
   699 ;;      Temps:          0       0       0       0       0       0       0       0       0       0       0       0       
      +0       0
   700 ;;      Totals:         0       0       0       0       0       0       0       0       0       0       0       0       
      +0       0
   701 ;;Total ram usage:        0 bytes
   702 ;; Hardware stack levels used: 1
   703 ;; This function calls:
   704 ;;		Nothing
   705 ;; This function is called by:
   706 ;;		_pic_init
   707 ;; This function uses a non-reentrant model
   708 ;;
   709                           
   710     0791                     _init_gpio:	
   711                           ;psect for function _init_gpio
   712                           
   713     0791                     l661:	
   714                           ;incstack = 0
   715                           ; Regs used in _init_gpio: []
   716                           
   717                           
   718                           ;newmain.c: 117:     TRISCbits.TRISC0 = 0;
   719     0791  0021               	movlb	1	; select bank1
   720     0792  100E               	bcf	14,0	;volatile
   721                           
   722                           ;newmain.c: 118:     TRISAbits.TRISA2 = 1;
   723     0793  150C               	bsf	12,2	;volatile
   724                           
   725                           ;newmain.c: 119:     ANSELAbits.ANSA2 = 0;
   726     0794  0023               	movlb	3	; select bank3
   727     0795  110C               	bcf	12,2	;volatile
   728                           
   729                           ;newmain.c: 120:     LATCbits.LATC0 = 0;
   730     0796  0022               	movlb	2	; select bank2
   731     0797  100E               	bcf	14,0	;volatile
   732     0798                     l43:
   733     0798  0008               	return
   734     0799                     __end_of_init_gpio:
   735                           
   736                           	psect	text4
   737     07A2                     __ptext4:	
   738 ;; *************** function _led_blink *****************
   739 ;; Defined at:
   740 ;;		line 127 in file "newmain.c"
   741 ;; Parameters:    Size  Location     Type
   742 ;;  counter         2    0[COMMON] int 
   743 ;; Auto vars:     Size  Location     Type
   744 ;;  i               2    3[COMMON] int 
   745 ;; Return value:  Size  Location     Type
   746 ;;                  1    wreg      void 
   747 ;; Registers used:
   748 ;;		wreg, status,2
   749 ;; Tracked objects:
   750 ;;		On entry : 0/0
   751 ;;		On exit  : 0/0
   752 ;;		Unchanged: 0/0
   753 ;; Data sizes:     COMMON   BANK0   BANK1   BANK2   BANK3   BANK4   BANK5   BANK6   BANK7   BANK8   BANK9  BANK10  BANK1
      +1  BANK12
   754 ;;      Params:         2       0       0       0       0       0       0       0       0       0       0       0       
      +0       0
   755 ;;      Locals:         2       0       0       0       0       0       0       0       0       0       0       0       
      +0       0
   756 ;;      Temps:          1       0       0       0       0       0       0       0       0       0       0       0       
      +0       0
   757 ;;      Totals:         5       0       0       0       0       0       0       0       0       0       0       0       
      +0       0
   758 ;;Total ram usage:        5 bytes
   759 ;; Hardware stack levels used: 1
   760 ;; This function calls:
   761 ;;		Nothing
   762 ;; This function is called by:
   763 ;;		_main
   764 ;; This function uses a non-reentrant model
   765 ;;
   766                           
   767     07A2                     _led_blink:	
   768                           ;psect for function _led_blink
   769                           
   770     07A2                     l725:	
   771                           ;incstack = 0
   772                           ; Regs used in _led_blink: [wreg+status,2]
   773                           
   774                           
   775                           ;newmain.c: 127: void led_blink(int counter);newmain.c: 128:     {;newmain.c: 129:     f
      +                          or (int i = 0; i < counter; i++)
   776     07A2  01F3               	clrf	led_blink@i
   777     07A3  01F4               	clrf	led_blink@i+1
   778     07A4  2FBD               	goto	l46
   779     07A5                     l47:
   780                           
   781                           ;newmain.c: 130:         {;newmain.c: 131:         LATCbits.LATC0 = 1;
   782     07A5  0022               	movlb	2	; select bank2
   783     07A6  140E               	bsf	14,0	;volatile
   784     07A7                     l727:
   785                           
   786                           ;newmain.c: 132:         _delay((unsigned long)((250)*(500000/4000.0)));
   787     07A7  3029               	movlw	41
   788     07A8  00F2               	movwf	??_led_blink
   789     07A9  3094               	movlw	148
   790     07AA                     u57:
   791     07AA  0B89               	decfsz	9,f
   792     07AB  2FAA               	goto	u57
   793     07AC  0BF2               	decfsz	??_led_blink,f
   794     07AD  2FAA               	goto	u57
   795     07AE  3200               	nop2
   796     07AF                     l729:
   797                           
   798                           ;newmain.c: 133:         LATCbits.LATC0 = 0;
   799     07AF  0022               	movlb	2	; select bank2
   800     07B0  100E               	bcf	14,0	;volatile
   801                           
   802                           ;newmain.c: 134:         _delay((unsigned long)((250)*(500000/4000.0)));
   803     07B1  3029               	movlw	41
   804     07B2  00F2               	movwf	??_led_blink
   805     07B3  3094               	movlw	148
   806     07B4                     u67:
   807     07B4  0B89               	decfsz	9,f
   808     07B5  2FB4               	goto	u67
   809     07B6  0BF2               	decfsz	??_led_blink,f
   810     07B7  2FB4               	goto	u67
   811     07B8  3200               	nop2
   812                           
   813                           ;newmain.c: 135:         }
   814     07B9  3001               	movlw	1
   815     07BA  07F3               	addwf	led_blink@i,f
   816     07BB  3000               	movlw	0
   817     07BC  3DF4               	addwfc	led_blink@i+1,f
   818     07BD                     l46:
   819     07BD  0874               	movf	led_blink@i+1,w
   820     07BE  3A80               	xorlw	128
   821     07BF  00F2               	movwf	??_led_blink
   822     07C0  0871               	movf	led_blink@counter+1,w
   823     07C1  3A80               	xorlw	128
   824     07C2  0272               	subwf	??_led_blink,w
   825     07C3  1D03               	skipz
   826     07C4  2FC7               	goto	u35
   827     07C5  0870               	movf	led_blink@counter,w
   828     07C6  0273               	subwf	led_blink@i,w
   829     07C7                     u35:
   830     07C7  1C03               	skipc
   831     07C8  2FCA               	goto	u31
   832     07C9  2FCB               	goto	u30
   833     07CA                     u31:
   834     07CA  2FA5               	goto	l47
   835     07CB                     u30:
   836     07CB                     l49:
   837     07CB  0008               	return
   838     07CC                     __end_of_led_blink:
   839     007E                     btemp	set	126	;btemp
   840     007E                     wtemp0	set	126
   841                           
   842                           	psect	config
   843                           
   844                           ;Config register CONFIG1 @ 0x8007
   845                           ;	Oscillator Selection
   846                           ;	FOSC = 0x4, user specified literal
   847                           ;	Watchdog Timer Enable
   848                           ;	WDTE = 0x0, user specified literal
   849                           ;	Power-up Timer Enable
   850                           ;	PWRTE = 0x1, user specified literal
   851                           ;	MCLR Pin Function Select
   852                           ;	MCLRE = OFF, MCLR/VPP pin function is digital input
   853                           ;	Flash Program Memory Code Protection
   854                           ;	CP = OFF, Program memory code protection is disabled
   855                           ;	Data Memory Code Protection
   856                           ;	CPD = OFF, Data memory code protection is disabled
   857                           ;	Brown-out Reset Enable
   858                           ;	BOREN = ON, Brown-out Reset enabled
   859                           ;	Clock Out Enable
   860                           ;	CLKOUTEN = OFF, CLKOUT function is disabled. I/O or oscillator function on the CLKOUT 
      +                          pin
   861                           ;	Internal/External Switchover
   862                           ;	IESO = OFF, Internal/External Switchover mode is disabled
   863                           ;	Fail-Safe Clock Monitor Enable
   864                           ;	FCMEN = OFF, Fail-Safe Clock Monitor is disabled
   865     8007                     	org	32775
   866     8007  0FA4               	dw	4004
   867                           
   868                           ;Config register CONFIG2 @ 0x8008
   869                           ;	Flash Memory Self-Write Protection
   870                           ;	WRT = OFF, Write protection off
   871                           ;	PLL Enable
   872                           ;	PLLEN = OFF, 4x PLL disabled
   873                           ;	Stack Overflow/Underflow Reset Enable
   874                           ;	STVREN = OFF, Stack Overflow or Underflow will not cause a Reset
   875                           ;	Brown-out Reset Voltage Selection
   876                           ;	BORV = LO, Brown-out Reset Voltage (Vbor), low trip point selected.
   877                           ;	In-Circuit Debugger Mode
   878                           ;	DEBUG = 0x1, unprogrammed default
   879                           ;	Low-Voltage Programming Enable
   880                           ;	LVP = OFF, High-voltage on MCLR/VPP must be used for programming
   881     8008                     	org	32776
   882     8008  1CFF               	dw	7423

Data Sizes:
    Strings     0
    Constant    0
    Data        0
    BSS         0
    Persistent  32
    Stack       0

Auto Spaces:
    Space          Size  Autos    Used
    COMMON           14      9       9
    BANK0            80      0       0
    BANK1            80      0       0
    BANK2            80      0       0
    BANK3            80      0       0
    BANK4            80      0       0
    BANK5            80      0       0
    BANK6            80      0       0
    BANK7            80      0       0
    BANK8            80      0       0
    BANK9            80      0       0
    BANK10           80      0       0
    BANK11           80      0       0
    BANK12           48      0       0

Pointer List with Targets:

    None.

Critical Paths under _main in COMMON

    _main->_led_blink

Critical Paths under _main in BANK0

    None.

Critical Paths under _main in BANK1

    None.

Critical Paths under _main in BANK2

    None.

Critical Paths under _main in BANK3

    None.

Critical Paths under _main in BANK4

    None.

Critical Paths under _main in BANK5

    None.

Critical Paths under _main in BANK6

    None.

Critical Paths under _main in BANK7

    None.

Critical Paths under _main in BANK8

    None.

Critical Paths under _main in BANK9

    None.

Critical Paths under _main in BANK10

    None.

Critical Paths under _main in BANK11

    None.

Critical Paths under _main in BANK12

    None.

Call Graph Tables:

 ---------------------------------------------------------------------------------
 (Depth) Function   	        Calls       Base Space   Used Autos Params    Refs
 ---------------------------------------------------------------------------------
 (0) _main                                                 4     4      0     169
                                              5 COMMON     4     4      0
                          _led_blink
                           _pic_init
 ---------------------------------------------------------------------------------
 (1) _pic_init                                             0     0      0       0
                          _init_gpio
                           _init_osc
 ---------------------------------------------------------------------------------
 (2) _init_osc                                             0     0      0       0
 ---------------------------------------------------------------------------------
 (2) _init_gpio                                            0     0      0       0
 ---------------------------------------------------------------------------------
 (1) _led_blink                                            5     3      2     122
                                              0 COMMON     5     3      2
 ---------------------------------------------------------------------------------
 Estimated maximum stack depth 2
 ---------------------------------------------------------------------------------

 Call Graph Graphs:

 _main (ROOT)
   _led_blink
   _pic_init
     _init_gpio
     _init_osc

 Address spaces:
Name               Size   Autos  Total    Cost      Usage
BIGRAM             3F0      0       0       0        0.0%
EEDATA             100      0       0       0        0.0%
NULL                 0      0       0       0        0.0%
CODE                 0      0       0       0        0.0%
BITCOMMON            E      0       0       1        0.0%
BITSFR0              0      0       0       1        0.0%
SFR0                 0      0       0       1        0.0%
COMMON               E      9       9       2       64.3%
BITSFR1              0      0       0       2        0.0%
SFR1                 0      0       0       2        0.0%
BITSFR2              0      0       0       3        0.0%
SFR2                 0      0       0       3        0.0%
STACK                0      0       0       3        0.0%
BITBANK0            50      0       0       4        0.0%
BITSFR3              0      0       0       4        0.0%
SFR3                 0      0       0       4        0.0%
BANK0               50      0       0       5        0.0%
BITSFR4              0      0       0       5        0.0%
SFR4                 0      0       0       5        0.0%
BITBANK1            50      0       0       6        0.0%
BITSFR5              0      0       0       6        0.0%
SFR5                 0      0       0       6        0.0%
BANK1               50      0       0       7        0.0%
BITSFR6              0      0       0       7        0.0%
SFR6                 0      0       0       7        0.0%
BITBANK2            50      0       0       8        0.0%
BITSFR7              0      0       0       8        0.0%
SFR7                 0      0       0       8        0.0%
BANK2               50      0       0       9        0.0%
BITSFR8              0      0       0       9        0.0%
SFR8                 0      0       0       9        0.0%
BITBANK3            50      0       0      10        0.0%
BITSFR9              0      0       0      10        0.0%
SFR9                 0      0       0      10        0.0%
BANK3               50      0       0      11        0.0%
BITSFR10             0      0       0      11        0.0%
SFR10                0      0       0      11        0.0%
BITBANK4            50      0       0      12        0.0%
BITSFR11             0      0       0      12        0.0%
SFR11                0      0       0      12        0.0%
BANK4               50      0       0      13        0.0%
BITSFR12             0      0       0      13        0.0%
SFR12                0      0       0      13        0.0%
BITBANK5            50      0       0      14        0.0%
BITSFR13             0      0       0      14        0.0%
SFR13                0      0       0      14        0.0%
BANK5               50      0       0      15        0.0%
BITSFR14             0      0       0      15        0.0%
SFR14                0      0       0      15        0.0%
BITBANK6            50      0       0      16        0.0%
BITSFR15             0      0       0      16        0.0%
SFR15                0      0       0      16        0.0%
BANK6               50      0       0      17        0.0%
BITSFR16             0      0       0      17        0.0%
SFR16                0      0       0      17        0.0%
BITBANK7            50      0       0      18        0.0%
BITSFR17             0      0       0      18        0.0%
SFR17                0      0       0      18        0.0%
BANK7               50      0       0      19        0.0%
BITSFR18             0      0       0      19        0.0%
SFR18                0      0       0      19        0.0%
BITSFR19             0      0       0      20        0.0%
SFR19                0      0       0      20        0.0%
ABS                  0      0       0      20        0.0%
BITBANK8            50      0       0      21        0.0%
BITSFR20             0      0       0      21        0.0%
SFR20                0      0       0      21        0.0%
BANK8               50      0       0      22        0.0%
BITSFR21             0      0       0      22        0.0%
SFR21                0      0       0      22        0.0%
BITBANK9            50      0       0      23        0.0%
BITSFR22             0      0       0      23        0.0%
SFR22                0      0       0      23        0.0%
BANK9               50      0       0      24        0.0%
BITSFR23             0      0       0      24        0.0%
SFR23                0      0       0      24        0.0%
BITBANK10           50      0       0      25        0.0%
BITSFR24             0      0       0      25        0.0%
SFR24                0      0       0      25        0.0%
BANK10              50      0       0      26        0.0%
BITSFR25             0      0       0      26        0.0%
SFR25                0      0       0      26        0.0%
BITBANK11           50      0       0      27        0.0%
BITSFR26             0      0       0      27        0.0%
SFR26                0      0       0      27        0.0%
BANK11              50      0       0      28        0.0%
BITSFR27             0      0       0      28        0.0%
SFR27                0      0       0      28        0.0%
BITBANK12           30      0       0      29        0.0%
BITSFR28             0      0       0      29        0.0%
SFR28                0      0       0      29        0.0%
BANK12              30      0       0      30        0.0%
BITSFR29             0      0       0      30        0.0%
SFR29                0      0       0      30        0.0%
BITSFR30             0      0       0      31        0.0%
SFR30                0      0       0      31        0.0%
DATA                 0      0       0      31        0.0%
BITSFR31             0      0       0      32        0.0%
SFR31                0      0       0      32        0.0%


Microchip Technology PIC Macro Assembler V2.45 build 20230818022343 
Symbol Table                                                                                   Wed Sep 13 14:34:46 2023

                     l40 07A1                       l43 0798                       l28 07EB  
                     l37 0790                       l46 07BD                       l47 07A5  
                     l49 07CB                       u30 07CB                       u31 07CA  
                     u40 07EA                       u41 07E9                       u35 07C7  
                     u45 07E6                       u57 07AA                       u67 07B4  
                    l731 07CC                      l725 07A2                      l661 0791  
                    l733 07CF                      l727 07A7                      l663 078A  
                    l735 07D2                      l729 07AF                      l657 0799  
                    l665 078D                      l737 07D6                      l745 07EB  
                    l659 07A0                      l739 07DD                      l783 07F6  
                    wreg 0009              main@counter 0077                     _main 07CC  
                   btemp 007E                     start 0003                    ?_main 0070  
                  wtemp0 007E          __initialization 07FD             __end_of_main 07FD  
                 ??_main 0075         __end_of_init_osc 07A2         __end_of_pic_init 0791  
__end_of__initialization 07FD           __pcstackCOMMON 0070               __pmaintext 07CC  
              ?_init_osc 0070                ?_pic_init 0070        __end_of_led_blink 07CC  
                __ptext1 078A                  __ptext2 0799                  __ptext3 0791  
                __ptext4 07A2        __end_of_init_gpio 0799     end_of_initialization 07FD  
             ??_init_osc 0070               ??_pic_init 0070         led_blink@counter 0070  
              _PORTAbits 000C                _TRISAbits 008C                _TRISCbits 008E  
             led_blink@i 0073      start_initialization 07FD                ___latbits 0002  
              _led_blink 07A2                _init_gpio 0791                 _LATCbits 010E  
             ?_led_blink 0070               ?_init_gpio 0070               _ANSELAbits 018C  
               _init_osc 0799                 _pic_init 078A              ??_led_blink 0072  
            ??_init_gpio 0070               _OSCCONbits 0099  
